{"meta": {"format": 3, "version": "7.13.5", "timestamp": "2026-03-23T09:02:05.341769", "branch_coverage": false, "show_contexts": false}, "files": {"app/__init__.py": {"executed_lines": [], "summary": {"covered_lines": 0, "num_statements": 0, "percent_covered": 100.0, "percent_covered_display": "100", "missing_lines": 0, "excluded_lines": 0, "percent_statements_covered": 100.0, "percent_statements_covered_display": "100"}, "missing_lines": [], "excluded_lines": [], "functions": {"": {"executed_lines": [], "summary": {"covered_lines": 0, "num_statements": 0, "percent_covered": 100.0, "percent_covered_display": "100", "missing_lines": 0, "excluded_lines": 0, "percent_statements_covered": 100.0, "percent_statements_covered_display": "100"}, "missing_lines": [], "excluded_lines": [], "start_line": 1}}, "classes": {"": {"executed_lines": [], "summary": {"covered_lines": 0, "num_statements": 0, "percent_covered": 100.0, "percent_covered_display": "100", "missing_lines": 0, "excluded_lines": 0, "percent_statements_covered": 100.0, "percent_statements_covered_display": "100"}, "missing_lines": [], "excluded_lines": [], "start_line": 1}}}, "app/adapters/__init__.py": {"executed_lines": [], "summary": {"covered_lines": 0, "num_statements": 0, "percent_covered": 100.0, "percent_covered_display": "100", "missing_lines": 0, "excluded_lines": 0, "percent_statements_covered": 100.0, "percent_statements_covered_display": "100"}, "missing_lines": [], "excluded_lines": [], "functions": {"": {"executed_lines": [], "summary": {"covered_lines": 0, "num_statements": 0, "percent_covered": 100.0, "percent_covered_display": "100", "missing_lines": 0, "excluded_lines": 0, "percent_statements_covered": 100.0, "percent_statements_covered_display": "100"}, "missing_lines": [], "excluded_lines": [], "start_line": 1}}, "classes": {"": {"executed_lines": [], "summary": {"covered_lines": 0, "num_statements": 0, "percent_covered": 100.0, "percent_covered_display": "100", "missing_lines": 0, "excluded_lines": 0, "percent_statements_covered": 100.0, "percent_statements_covered_display": "100"}, "missing_lines": [], "excluded_lines": [], "start_line": 1}}}, "app/adapters/aikido.py": {"executed_lines": [15, 16, 17, 18, 20, 22, 23, 24, 25, 26, 33, 39, 42, 43, 46, 59, 75, 85, 162, 172, 200, 232, 254, 302, 319, 330, 430, 484, 544, 594, 595, 598, 602, 603, 651, 658, 1063, 1067, 1072, 1081, 1113, 1165, 1200, 1213, 1253, 1262, 1275, 1286, 1314, 1342, 1359, 1401, 1426, 1451, 1466, 1482, 1496, 1521, 1535, 1558], "summary": {"covered_lines": 60, "num_statements": 742, "percent_covered": 8.086253369272237, "percent_covered_display": "8", "missing_lines": 682, "excluded_lines": 0, "percent_statements_covered": 8.086253369272237, "percent_statements_covered_display": "8"}, "missing_lines": [48, 49, 50, 51, 52, 53, 54, 55, 77, 78, 79, 81, 82, 96, 97, 98, 99, 100, 101, 102, 103, 104, 105, 106, 108, 109, 110, 111, 112, 115, 131, 132, 133, 135, 136, 137, 138, 139, 140, 142, 145, 146, 147, 148, 156, 157, 158, 159, 164, 165, 166, 167, 168, 169, 175, 176, 177, 178, 179, 182, 183, 184, 185, 187, 193, 194, 195, 196, 197, 206, 208, 209, 210, 212, 213, 214, 215, 216, 218, 219, 220, 221, 222, 224, 225, 226, 227, 228, 229, 236, 237, 238, 248, 249, 250, 251, 260, 261, 262, 263, 270, 271, 272, 273, 276, 279, 280, 281, 288, 295, 296, 297, 299, 305, 306, 307, 308, 309, 310, 311, 313, 314, 315, 316, 321, 322, 323, 324, 325, 326, 327, 341, 345, 346, 349, 350, 351, 352, 353, 354, 355, 360, 361, 362, 365, 368, 369, 370, 371, 372, 373, 376, 377, 378, 379, 380, 381, 382, 383, 384, 387, 390, 391, 392, 393, 394, 395, 396, 397, 404, 405, 408, 409, 410, 411, 412, 413, 418, 419, 425, 427, 436, 437, 438, 439, 440, 441, 442, 445, 458, 459, 460, 463, 464, 465, 466, 467, 468, 471, 474, 475, 476, 477, 478, 479, 481, 491, 492, 493, 494, 495, 498, 504, 505, 506, 508, 509, 510, 511, 513, 516, 517, 518, 519, 520, 521, 524, 525, 526, 528, 538, 539, 540, 541, 550, 556, 557, 558, 559, 560, 561, 562, 563, 564, 565, 566, 567, 568, 569, 570, 571, 572, 573, 575, 576, 579, 580, 583, 584, 585, 586, 587, 588, 589, 591, 599, 600, 605, 652, 673, 679, 680, 688, 689, 690, 691, 694, 695, 696, 697, 698, 699, 706, 707, 708, 709, 710, 711, 714, 715, 716, 717, 718, 719, 721, 728, 729, 730, 732, 733, 734, 735, 736, 738, 745, 746, 747, 749, 757, 758, 759, 760, 763, 764, 766, 772, 773, 774, 777, 778, 784, 790, 791, 792, 794, 795, 797, 798, 799, 800, 802, 805, 806, 807, 808, 809, 810, 811, 812, 813, 814, 821, 822, 824, 825, 826, 827, 829, 832, 833, 834, 837, 838, 841, 842, 843, 845, 846, 850, 861, 862, 863, 865, 866, 869, 870, 871, 873, 874, 877, 878, 879, 880, 882, 884, 885, 888, 889, 890, 891, 893, 895, 897, 900, 901, 904, 905, 906, 907, 908, 912, 915, 918, 919, 920, 921, 922, 923, 924, 925, 926, 928, 935, 936, 937, 938, 940, 941, 944, 945, 949, 950, 951, 952, 953, 954, 955, 958, 959, 960, 964, 969, 981, 982, 983, 984, 985, 986, 987, 988, 989, 990, 991, 997, 998, 999, 1002, 1003, 1004, 1005, 1007, 1009, 1010, 1011, 1012, 1013, 1014, 1015, 1016, 1017, 1018, 1019, 1022, 1024, 1029, 1030, 1031, 1032, 1034, 1065, 1069, 1074, 1075, 1076, 1077, 1078, 1083, 1084, 1086, 1087, 1088, 1089, 1091, 1092, 1093, 1095, 1096, 1104, 1105, 1107, 1108, 1109, 1110, 1122, 1123, 1124, 1125, 1130, 1132, 1133, 1138, 1139, 1140, 1142, 1143, 1144, 1145, 1146, 1150, 1151, 1152, 1153, 1154, 1155, 1156, 1157, 1158, 1160, 1161, 1162, 1170, 1171, 1172, 1173, 1178, 1179, 1180, 1181, 1182, 1183, 1185, 1186, 1187, 1188, 1189, 1190, 1191, 1192, 1193, 1194, 1195, 1196, 1197, 1207, 1208, 1209, 1210, 1219, 1220, 1221, 1222, 1227, 1228, 1229, 1230, 1231, 1232, 1234, 1235, 1236, 1237, 1238, 1239, 1240, 1241, 1242, 1243, 1244, 1245, 1246, 1247, 1248, 1249, 1250, 1257, 1259, 1266, 1267, 1280, 1281, 1282, 1283, 1290, 1291, 1292, 1293, 1294, 1298, 1299, 1300, 1305, 1306, 1307, 1308, 1309, 1310, 1311, 1318, 1319, 1320, 1321, 1322, 1326, 1327, 1328, 1333, 1334, 1335, 1336, 1337, 1338, 1339, 1346, 1347, 1348, 1349, 1363, 1364, 1365, 1367, 1368, 1369, 1370, 1371, 1372, 1373, 1375, 1376, 1381, 1382, 1383, 1384, 1386, 1388, 1390, 1391, 1406, 1407, 1408, 1409, 1421, 1422, 1423, 1431, 1432, 1433, 1434, 1446, 1447, 1448, 1455, 1456, 1457, 1458, 1471, 1472, 1473, 1474, 1488, 1489, 1490, 1491, 1492, 1493, 1501, 1502, 1503, 1504, 1505, 1516, 1517, 1518, 1527, 1528, 1529, 1530, 1531, 1532, 1540, 1541, 1542, 1543, 1544, 1545, 1546, 1547, 1548, 1555, 1562, 1563, 1564, 1565], "excluded_lines": [], "functions": {"_acquire_rate_limit_slot": {"executed_lines": [], "summary": {"covered_lines": 0, "num_statements": 8, "percent_covered": 0.0, "percent_covered_display": "0", "missing_lines": 8, "excluded_lines": 0, "percent_statements_covered": 0.0, "percent_statements_covered_display": "0"}, "missing_lines": [48, 49, 50, 51, 52, 53, 54, 55], "excluded_lines": [], "start_line": 46}, "_get_nested": {"executed_lines": [], "summary": {"covered_lines": 0, "num_statements": 5, "percent_covered": 0.0, "percent_covered_display": "0", "missing_lines": 5, "excluded_lines": 0, "percent_statements_covered": 0.0, "percent_statements_covered_display": "0"}, "missing_lines": [77, 78, 79, 81, 82], "excluded_lines": [], "start_line": 75}, "_extract_branch": {"executed_lines": [], "summary": {"covered_lines": 0, "num_statements": 31, "percent_covered": 0.0, "percent_covered_display": "0", "missing_lines": 31, "excluded_lines": 0, "percent_statements_covered": 0.0, "percent_statements_covered_display": "0"}, "missing_lines": [96, 97, 98, 99, 100, 101, 102, 103, 104, 105, 106, 108, 115, 131, 132, 133, 135, 136, 137, 138, 139, 140, 142, 145, 146, 147, 148, 156, 157, 158, 159], "excluded_lines": [], "start_line": 85}, "_extract_branch._s": {"executed_lines": [], "summary": {"covered_lines": 0, "num_statements": 4, "percent_covered": 0.0, "percent_covered_display": "0", "missing_lines": 4, "excluded_lines": 0, "percent_statements_covered": 0.0, "percent_statements_covered_display": "0"}, "missing_lines": [109, 110, 111, 112], "excluded_lines": [], "start_line": 108}, "_strip_tag_from_container_name": {"executed_lines": [], "summary": {"covered_lines": 0, "num_statements": 6, "percent_covered": 0.0, "percent_covered_display": "0", "missing_lines": 6, "excluded_lines": 0, "percent_statements_covered": 0.0, "percent_statements_covered_display": "0"}, "missing_lines": [164, 165, 166, 167, 168, 169], "excluded_lines": [], "start_line": 162}, "_extract_tag": {"executed_lines": [], "summary": {"covered_lines": 0, "num_statements": 11, "percent_covered": 0.0, "percent_covered_display": "0", "missing_lines": 11, "excluded_lines": 0, "percent_statements_covered": 0.0, "percent_statements_covered_display": "0"}, "missing_lines": [175, 182, 183, 184, 185, 187, 193, 194, 195, 196, 197], "excluded_lines": [], "start_line": 172}, "_extract_tag._s": {"executed_lines": [], "summary": {"covered_lines": 0, "num_statements": 4, "percent_covered": 0.0, "percent_covered_display": "0", "missing_lines": 4, "excluded_lines": 0, "percent_statements_covered": 0.0, "percent_statements_covered_display": "0"}, "missing_lines": [176, 177, 178, 179], "excluded_lines": [], "start_line": 175}, "_parse_repo_name_with_branch": {"executed_lines": [], "summary": {"covered_lines": 0, "num_statements": 20, "percent_covered": 0.0, "percent_covered_display": "0", "missing_lines": 20, "excluded_lines": 0, "percent_statements_covered": 0.0, "percent_statements_covered_display": "0"}, "missing_lines": [206, 208, 209, 210, 212, 213, 214, 215, 216, 218, 219, 220, 221, 222, 224, 225, 226, 227, 228, 229], "excluded_lines": [], "start_line": 200}, "_extract_branch_from_repo": {"executed_lines": [], "summary": {"covered_lines": 0, "num_statements": 7, "percent_covered": 0.0, "percent_covered_display": "0", "missing_lines": 7, "excluded_lines": 0, "percent_statements_covered": 0.0, "percent_statements_covered_display": "0"}, "missing_lines": [236, 237, 238, 248, 249, 250, 251], "excluded_lines": [], "start_line": 232}, "_extract_file_location": {"executed_lines": [], "summary": {"covered_lines": 0, "num_statements": 17, "percent_covered": 0.0, "percent_covered_display": "0", "missing_lines": 17, "excluded_lines": 0, "percent_statements_covered": 0.0, "percent_statements_covered_display": "0"}, "missing_lines": [260, 261, 262, 263, 270, 271, 272, 273, 276, 279, 280, 281, 288, 295, 296, 297, 299], "excluded_lines": [], "start_line": 254}, "_extract_issue_url": {"executed_lines": [], "summary": {"covered_lines": 0, "num_statements": 5, "percent_covered": 0.0, "percent_covered_display": "0", "missing_lines": 5, "excluded_lines": 0, "percent_statements_covered": 0.0, "percent_statements_covered_display": "0"}, "missing_lines": [305, 313, 314, 315, 316], "excluded_lines": [], "start_line": 302}, "_extract_issue_url._valid": {"executed_lines": [], "summary": {"covered_lines": 0, "num_statements": 6, "percent_covered": 0.0, "percent_covered_display": "0", "missing_lines": 6, "excluded_lines": 0, "percent_statements_covered": 0.0, "percent_statements_covered_display": "0"}, "missing_lines": [306, 307, 308, 309, 310, 311], "excluded_lines": [], "start_line": 305}, "_to_resource_id": {"executed_lines": [], "summary": {"covered_lines": 0, "num_statements": 7, "percent_covered": 0.0, "percent_covered_display": "0", "missing_lines": 7, "excluded_lines": 0, "percent_statements_covered": 0.0, "percent_statements_covered_display": "0"}, "missing_lines": [321, 322, 323, 324, 325, 326, 327], "excluded_lines": [], "start_line": 319}, "_extract_resource_path_and_id": {"executed_lines": [], "summary": {"covered_lines": 0, "num_statements": 38, "percent_covered": 0.0, "percent_covered_display": "0", "missing_lines": 38, "excluded_lines": 0, "percent_statements_covered": 0.0, "percent_statements_covered_display": "0"}, "missing_lines": [341, 345, 368, 369, 370, 371, 372, 373, 376, 377, 378, 379, 380, 381, 382, 383, 384, 387, 390, 391, 392, 393, 394, 395, 396, 397, 404, 405, 408, 409, 410, 411, 412, 413, 418, 419, 425, 427], "excluded_lines": [], "start_line": 330}, "_extract_resource_path_and_id._container_rid": {"executed_lines": [], "summary": {"covered_lines": 0, "num_statements": 12, "percent_covered": 0.0, "percent_covered_display": "0", "missing_lines": 12, "excluded_lines": 0, "percent_statements_covered": 0.0, "percent_statements_covered_display": "0"}, "missing_lines": [346, 349, 350, 351, 352, 353, 354, 355, 360, 361, 362, 365], "excluded_lines": [], "start_line": 345}, "_extract_source_file_url": {"executed_lines": [], "summary": {"covered_lines": 0, "num_statements": 19, "percent_covered": 0.0, "percent_covered_display": "0", "missing_lines": 19, "excluded_lines": 0, "percent_statements_covered": 0.0, "percent_statements_covered_display": "0"}, "missing_lines": [436, 445, 458, 459, 460, 463, 464, 465, 466, 467, 468, 471, 474, 475, 476, 477, 478, 479, 481], "excluded_lines": [], "start_line": 430}, "_extract_source_file_url._valid_url": {"executed_lines": [], "summary": {"covered_lines": 0, "num_statements": 6, "percent_covered": 0.0, "percent_covered_display": "0", "missing_lines": 6, "excluded_lines": 0, "percent_statements_covered": 0.0, "percent_statements_covered_display": "0"}, "missing_lines": [437, 438, 439, 440, 441, 442], "excluded_lines": [], "start_line": 436}, "_extract_asset_name": {"executed_lines": [], "summary": {"covered_lines": 0, "num_statements": 24, "percent_covered": 0.0, "percent_covered_display": "0", "missing_lines": 24, "excluded_lines": 0, "percent_statements_covered": 0.0, "percent_statements_covered_display": "0"}, "missing_lines": [491, 498, 504, 505, 506, 508, 509, 510, 511, 513, 516, 517, 518, 519, 520, 521, 524, 525, 526, 528, 538, 539, 540, 541], "excluded_lines": [], "start_line": 484}, "_extract_asset_name._s": {"executed_lines": [], "summary": {"covered_lines": 0, "num_statements": 4, "percent_covered": 0.0, "percent_covered_display": "0", "missing_lines": 4, "excluded_lines": 0, "percent_statements_covered": 0.0, "percent_statements_covered_display": "0"}, "missing_lines": [492, 493, 494, 495], "excluded_lines": [], "start_line": 491}, "_infer_ecosystem": {"executed_lines": [], "summary": {"covered_lines": 0, "num_statements": 31, "percent_covered": 0.0, "percent_covered_display": "0", "missing_lines": 31, "excluded_lines": 0, "percent_statements_covered": 0.0, "percent_statements_covered_display": "0"}, "missing_lines": [550, 556, 557, 558, 559, 560, 561, 562, 563, 564, 565, 566, 567, 568, 569, 570, 571, 572, 573, 575, 576, 579, 580, 583, 584, 585, 586, 587, 588, 589, 591], "excluded_lines": [], "start_line": 544}, "AikidoAdapter.__init__": {"executed_lines": [], "summary": {"covered_lines": 0, "num_statements": 2, "percent_covered": 0.0, "percent_covered_display": "0", "missing_lines": 2, "excluded_lines": 0, "percent_statements_covered": 0.0, "percent_statements_covered_display": "0"}, "missing_lines": [599, 600], "excluded_lines": [], "start_line": 598}, "AikidoAdapter.get_settings_schema": {"executed_lines": [], "summary": {"covered_lines": 0, "num_statements": 1, "percent_covered": 0.0, "percent_covered_display": "0", "missing_lines": 1, "excluded_lines": 0, "percent_statements_covered": 0.0, "percent_statements_covered_display": "0"}, "missing_lines": [605], "excluded_lines": [], "start_line": 603}, "AikidoAdapter.get_capabilities": {"executed_lines": [], "summary": {"covered_lines": 0, "num_statements": 1, "percent_covered": 0.0, "percent_covered_display": "0", "missing_lines": 1, "excluded_lines": 0, "percent_statements_covered": 0.0, "percent_statements_covered_display": "0"}, "missing_lines": [652], "excluded_lines": [], "start_line": 651}, "AikidoAdapter.to_vat_finding": {"executed_lines": [], "summary": {"covered_lines": 0, "num_statements": 190, "percent_covered": 0.0, "percent_covered_display": "0", "missing_lines": 190, "excluded_lines": 0, "percent_statements_covered": 0.0, "percent_statements_covered_display": "0"}, "missing_lines": [673, 679, 680, 688, 689, 690, 691, 694, 695, 696, 697, 698, 699, 706, 707, 708, 709, 710, 711, 714, 715, 716, 717, 718, 719, 721, 728, 729, 730, 732, 733, 734, 735, 736, 738, 745, 746, 747, 749, 757, 758, 759, 760, 763, 764, 766, 772, 773, 774, 777, 778, 784, 790, 791, 792, 794, 795, 797, 798, 799, 800, 802, 805, 806, 807, 808, 809, 810, 811, 812, 813, 814, 821, 822, 824, 825, 826, 827, 829, 832, 833, 834, 837, 838, 841, 842, 843, 845, 846, 850, 861, 862, 863, 865, 866, 869, 870, 871, 873, 874, 877, 878, 879, 880, 882, 884, 885, 888, 889, 890, 891, 893, 895, 897, 900, 901, 904, 905, 906, 907, 908, 912, 915, 918, 919, 920, 921, 922, 923, 924, 925, 926, 928, 935, 936, 937, 938, 940, 941, 944, 945, 949, 950, 951, 952, 953, 954, 955, 958, 959, 960, 964, 969, 981, 982, 983, 984, 985, 986, 987, 988, 989, 990, 991, 997, 998, 999, 1002, 1003, 1004, 1005, 1007, 1009, 1010, 1011, 1012, 1013, 1014, 1015, 1016, 1017, 1018, 1019, 1022, 1024, 1029, 1030, 1031, 1032, 1034], "excluded_lines": [], "start_line": 658}, "AikidoAdapter.ignore_issue": {"executed_lines": [], "summary": {"covered_lines": 0, "num_statements": 1, "percent_covered": 0.0, "percent_covered_display": "0", "missing_lines": 1, "excluded_lines": 0, "percent_statements_covered": 0.0, "percent_statements_covered_display": "0"}, "missing_lines": [1065], "excluded_lines": [], "start_line": 1063}, "AikidoAdapter.unignore_issue": {"executed_lines": [], "summary": {"covered_lines": 0, "num_statements": 1, "percent_covered": 0.0, "percent_covered_display": "0", "missing_lines": 1, "excluded_lines": 0, "percent_statements_covered": 0.0, "percent_statements_covered_display": "0"}, "missing_lines": [1069], "excluded_lines": [], "start_line": 1067}, "_get_base_url": {"executed_lines": [], "summary": {"covered_lines": 0, "num_statements": 5, "percent_covered": 0.0, "percent_covered_display": "0", "missing_lines": 5, "excluded_lines": 0, "percent_statements_covered": 0.0, "percent_statements_covered_display": "0"}, "missing_lines": [1074, 1075, 1076, 1077, 1078], "excluded_lines": [], "start_line": 1072}, "_get_oauth_token": {"executed_lines": [], "summary": {"covered_lines": 0, "num_statements": 17, "percent_covered": 0.0, "percent_covered_display": "0", "missing_lines": 17, "excluded_lines": 0, "percent_statements_covered": 0.0, "percent_statements_covered_display": "0"}, "missing_lines": [1083, 1084, 1086, 1087, 1088, 1089, 1091, 1092, 1093, 1095, 1096, 1104, 1105, 1107, 1108, 1109, 1110], "excluded_lines": [], "start_line": 1081}, "fetch_aikido_issues": {"executed_lines": [], "summary": {"covered_lines": 0, "num_statements": 27, "percent_covered": 0.0, "percent_covered_display": "0", "missing_lines": 27, "excluded_lines": 0, "percent_statements_covered": 0.0, "percent_statements_covered_display": "0"}, "missing_lines": [1122, 1123, 1124, 1125, 1130, 1132, 1133, 1138, 1139, 1140, 1142, 1143, 1144, 1145, 1146, 1150, 1151, 1152, 1153, 1154, 1155, 1156, 1157, 1158, 1160, 1161, 1162], "excluded_lines": [], "start_line": 1113}, "_aikido_api_get": {"executed_lines": [], "summary": {"covered_lines": 0, "num_statements": 23, "percent_covered": 0.0, "percent_covered_display": "0", "missing_lines": 23, "excluded_lines": 0, "percent_statements_covered": 0.0, "percent_statements_covered_display": "0"}, "missing_lines": [1170, 1171, 1172, 1173, 1178, 1179, 1180, 1181, 1182, 1183, 1185, 1186, 1187, 1188, 1189, 1190, 1191, 1192, 1193, 1194, 1195, 1196, 1197], "excluded_lines": [], "start_line": 1165}, "fetch_aikido_code_repositories": {"executed_lines": [], "summary": {"covered_lines": 0, "num_statements": 4, "percent_covered": 0.0, "percent_covered_display": "0", "missing_lines": 4, "excluded_lines": 0, "percent_statements_covered": 0.0, "percent_statements_covered_display": "0"}, "missing_lines": [1207, 1208, 1209, 1210], "excluded_lines": [], "start_line": 1200}, "_aikido_api_put": {"executed_lines": [], "summary": {"covered_lines": 0, "num_statements": 27, "percent_covered": 0.0, "percent_covered_display": "0", "missing_lines": 27, "excluded_lines": 0, "percent_statements_covered": 0.0, "percent_statements_covered_display": "0"}, "missing_lines": [1219, 1220, 1221, 1222, 1227, 1228, 1229, 1230, 1231, 1232, 1234, 1235, 1236, 1237, 1238, 1239, 1240, 1241, 1242, 1243, 1244, 1245, 1246, 1247, 1248, 1249, 1250], "excluded_lines": [], "start_line": 1213}, "ignore_issue_aikido": {"executed_lines": [], "summary": {"covered_lines": 0, "num_statements": 2, "percent_covered": 0.0, "percent_covered_display": "0", "missing_lines": 2, "excluded_lines": 0, "percent_statements_covered": 0.0, "percent_statements_covered_display": "0"}, "missing_lines": [1257, 1259], "excluded_lines": [], "start_line": 1253}, "unignore_issue_aikido": {"executed_lines": [], "summary": {"covered_lines": 0, "num_statements": 2, "percent_covered": 0.0, "percent_covered_display": "0", "missing_lines": 2, "excluded_lines": 0, "percent_statements_covered": 0.0, "percent_statements_covered_display": "0"}, "missing_lines": [1266, 1267], "excluded_lines": [], "start_line": 1262}, "_aikido_api_get_safe": {"executed_lines": [], "summary": {"covered_lines": 0, "num_statements": 4, "percent_covered": 0.0, "percent_covered_display": "0", "missing_lines": 4, "excluded_lines": 0, "percent_statements_covered": 0.0, "percent_statements_covered_display": "0"}, "missing_lines": [1280, 1281, 1282, 1283], "excluded_lines": [], "start_line": 1275}, "fetch_aikido_open_issue_groups": {"executed_lines": [], "summary": {"covered_lines": 0, "num_statements": 15, "percent_covered": 0.0, "percent_covered_display": "0", "missing_lines": 15, "excluded_lines": 0, "percent_statements_covered": 0.0, "percent_statements_covered_display": "0"}, "missing_lines": [1290, 1291, 1292, 1293, 1294, 1298, 1299, 1300, 1305, 1306, 1307, 1308, 1309, 1310, 1311], "excluded_lines": [], "start_line": 1286}, "fetch_aikido_containers": {"executed_lines": [], "summary": {"covered_lines": 0, "num_statements": 15, "percent_covered": 0.0, "percent_covered_display": "0", "missing_lines": 15, "excluded_lines": 0, "percent_statements_covered": 0.0, "percent_statements_covered_display": "0"}, "missing_lines": [1318, 1319, 1320, 1321, 1322, 1326, 1327, 1328, 1333, 1334, 1335, 1336, 1337, 1338, 1339], "excluded_lines": [], "start_line": 1314}, "fetch_aikido_virtual_machines": {"executed_lines": [], "summary": {"covered_lines": 0, "num_statements": 4, "percent_covered": 0.0, "percent_covered_display": "0", "missing_lines": 4, "excluded_lines": 0, "percent_statements_covered": 0.0, "percent_statements_covered_display": "0"}, "missing_lines": [1346, 1347, 1348, 1349], "excluded_lines": [], "start_line": 1342}, "fetch_aikido_issue_counts": {"executed_lines": [], "summary": {"covered_lines": 0, "num_statements": 14, "percent_covered": 0.0, "percent_covered_display": "0", "missing_lines": 14, "excluded_lines": 0, "percent_statements_covered": 0.0, "percent_statements_covered_display": "0"}, "missing_lines": [1363, 1364, 1365, 1367, 1375, 1376, 1381, 1382, 1383, 1384, 1386, 1388, 1390, 1391], "excluded_lines": [], "start_line": 1359}, "fetch_aikido_issue_counts._as_int": {"executed_lines": [], "summary": {"covered_lines": 0, "num_statements": 6, "percent_covered": 0.0, "percent_covered_display": "0", "missing_lines": 6, "excluded_lines": 0, "percent_statements_covered": 0.0, "percent_statements_covered_display": "0"}, "missing_lines": [1368, 1369, 1370, 1371, 1372, 1373], "excluded_lines": [], "start_line": 1367}, "fetch_aikido_activity_log": {"executed_lines": [], "summary": {"covered_lines": 0, "num_statements": 7, "percent_covered": 0.0, "percent_covered_display": "0", "missing_lines": 7, "excluded_lines": 0, "percent_statements_covered": 0.0, "percent_statements_covered_display": "0"}, "missing_lines": [1406, 1407, 1408, 1409, 1421, 1422, 1423], "excluded_lines": [], "start_line": 1401}, "fetch_aikido_ci_scans": {"executed_lines": [], "summary": {"covered_lines": 0, "num_statements": 7, "percent_covered": 0.0, "percent_covered_display": "0", "missing_lines": 7, "excluded_lines": 0, "percent_statements_covered": 0.0, "percent_statements_covered_display": "0"}, "missing_lines": [1431, 1432, 1433, 1434, 1446, 1447, 1448], "excluded_lines": [], "start_line": 1426}, "fetch_aikido_task_projects": {"executed_lines": [], "summary": {"covered_lines": 0, "num_statements": 4, "percent_covered": 0.0, "percent_covered_display": "0", "missing_lines": 4, "excluded_lines": 0, "percent_statements_covered": 0.0, "percent_statements_covered_display": "0"}, "missing_lines": [1455, 1456, 1457, 1458], "excluded_lines": [], "start_line": 1451}, "fetch_aikido_issue_reachability": {"executed_lines": [], "summary": {"covered_lines": 0, "num_statements": 4, "percent_covered": 0.0, "percent_covered_display": "0", "missing_lines": 4, "excluded_lines": 0, "percent_statements_covered": 0.0, "percent_statements_covered_display": "0"}, "missing_lines": [1471, 1472, 1473, 1474], "excluded_lines": [], "start_line": 1466}, "fetch_aikido_reachability_for_issues": {"executed_lines": [], "summary": {"covered_lines": 0, "num_statements": 6, "percent_covered": 0.0, "percent_covered_display": "0", "missing_lines": 6, "excluded_lines": 0, "percent_statements_covered": 0.0, "percent_statements_covered_display": "0"}, "missing_lines": [1488, 1489, 1490, 1491, 1492, 1493], "excluded_lines": [], "start_line": 1482}, "fetch_aikido_issue_group_tasks": {"executed_lines": [], "summary": {"covered_lines": 0, "num_statements": 8, "percent_covered": 0.0, "percent_covered_display": "0", "missing_lines": 8, "excluded_lines": 0, "percent_statements_covered": 0.0, "percent_statements_covered_display": "0"}, "missing_lines": [1501, 1502, 1503, 1504, 1505, 1516, 1517, 1518], "excluded_lines": [], "start_line": 1496}, "fetch_aikido_tasks_for_groups": {"executed_lines": [], "summary": {"covered_lines": 0, "num_statements": 6, "percent_covered": 0.0, "percent_covered_display": "0", "missing_lines": 6, "excluded_lines": 0, "percent_statements_covered": 0.0, "percent_statements_covered_display": "0"}, "missing_lines": [1527, 1528, 1529, 1530, 1531, 1532], "excluded_lines": [], "start_line": 1521}, "fetch_aikido_cve_details": {"executed_lines": [], "summary": {"covered_lines": 0, "num_statements": 10, "percent_covered": 0.0, "percent_covered_display": "0", "missing_lines": 10, "excluded_lines": 0, "percent_statements_covered": 0.0, "percent_statements_covered_display": "0"}, "missing_lines": [1540, 1541, 1542, 1543, 1544, 1545, 1546, 1547, 1548, 1555], "excluded_lines": [], "start_line": 1535}, "fetch_aikido_workspace": {"executed_lines": [], "summary": {"covered_lines": 0, "num_statements": 4, "percent_covered": 0.0, "percent_covered_display": "0", "missing_lines": 4, "excluded_lines": 0, "percent_statements_covered": 0.0, "percent_statements_covered_display": "0"}, "missing_lines": [1562, 1563, 1564, 1565], "excluded_lines": [], "start_line": 1558}, "": {"executed_lines": [15, 16, 17, 18, 20, 22, 23, 24, 25, 26, 33, 39, 42, 43, 46, 59, 75, 85, 162, 172, 200, 232, 254, 302, 319, 330, 430, 484, 544, 594, 595, 598, 602, 603, 651, 658, 1063, 1067, 1072, 1081, 1113, 1165, 1200, 1213, 1253, 1262, 1275, 1286, 1314, 1342, 1359, 1401, 1426, 1451, 1466, 1482, 1496, 1521, 1535, 1558], "summary": {"covered_lines": 60, "num_statements": 60, "percent_covered": 100.0, "percent_covered_display": "100", "missing_lines": 0, "excluded_lines": 0, "percent_statements_covered": 100.0, "percent_statements_covered_display": "100"}, "missing_lines": [], "excluded_lines": [], "start_line": 1}}, "classes": {"AikidoAdapter": {"executed_lines": [], "summary": {"covered_lines": 0, "num_statements": 196, "percent_covered": 0.0, "percent_covered_display": "0", "missing_lines": 196, "excluded_lines": 0, "percent_statements_covered": 0.0, "percent_statements_covered_display": "0"}, "missing_lines": [599, 600, 605, 652, 673, 679, 680, 688, 689, 690, 691, 694, 695, 696, 697, 698, 699, 706, 707, 708, 709, 710, 711, 714, 715, 716, 717, 718, 719, 721, 728, 729, 730, 732, 733, 734, 735, 736, 738, 745, 746, 747, 749, 757, 758, 759, 760, 763, 764, 766, 772, 773, 774, 777, 778, 784, 790, 791, 792, 794, 795, 797, 798, 799, 800, 802, 805, 806, 807, 808, 809, 810, 811, 812, 813, 814, 821, 822, 824, 825, 826, 827, 829, 832, 833, 834, 837, 838, 841, 842, 843, 845, 846, 850, 861, 862, 863, 865, 866, 869, 870, 871, 873, 874, 877, 878, 879, 880, 882, 884, 885, 888, 889, 890, 891, 893, 895, 897, 900, 901, 904, 905, 906, 907, 908, 912, 915, 918, 919, 920, 921, 922, 923, 924, 925, 926, 928, 935, 936, 937, 938, 940, 941, 944, 945, 949, 950, 951, 952, 953, 954, 955, 958, 959, 960, 964, 969, 981, 982, 983, 984, 985, 986, 987, 988, 989, 990, 991, 997, 998, 999, 1002, 1003, 1004, 1005, 1007, 1009, 1010, 1011, 1012, 1013, 1014, 1015, 1016, 1017, 1018, 1019, 1022, 1024, 1029, 1030, 1031, 1032, 1034, 1065, 1069], "excluded_lines": [], "start_line": 595}, "": {"executed_lines": [15, 16, 17, 18, 20, 22, 23, 24, 25, 26, 33, 39, 42, 43, 46, 59, 75, 85, 162, 172, 200, 232, 254, 302, 319, 330, 430, 484, 544, 594, 595, 598, 602, 603, 651, 658, 1063, 1067, 1072, 1081, 1113, 1165, 1200, 1213, 1253, 1262, 1275, 1286, 1314, 1342, 1359, 1401, 1426, 1451, 1466, 1482, 1496, 1521, 1535, 1558], "summary": {"covered_lines": 60, "num_statements": 546, "percent_covered": 10.989010989010989, "percent_covered_display": "11", "missing_lines": 486, "excluded_lines": 0, "percent_statements_covered": 10.989010989010989, "percent_statements_covered_display": "11"}, "missing_lines": [48, 49, 50, 51, 52, 53, 54, 55, 77, 78, 79, 81, 82, 96, 97, 98, 99, 100, 101, 102, 103, 104, 105, 106, 108, 109, 110, 111, 112, 115, 131, 132, 133, 135, 136, 137, 138, 139, 140, 142, 145, 146, 147, 148, 156, 157, 158, 159, 164, 165, 166, 167, 168, 169, 175, 176, 177, 178, 179, 182, 183, 184, 185, 187, 193, 194, 195, 196, 197, 206, 208, 209, 210, 212, 213, 214, 215, 216, 218, 219, 220, 221, 222, 224, 225, 226, 227, 228, 229, 236, 237, 238, 248, 249, 250, 251, 260, 261, 262, 263, 270, 271, 272, 273, 276, 279, 280, 281, 288, 295, 296, 297, 299, 305, 306, 307, 308, 309, 310, 311, 313, 314, 315, 316, 321, 322, 323, 324, 325, 326, 327, 341, 345, 346, 349, 350, 351, 352, 353, 354, 355, 360, 361, 362, 365, 368, 369, 370, 371, 372, 373, 376, 377, 378, 379, 380, 381, 382, 383, 384, 387, 390, 391, 392, 393, 394, 395, 396, 397, 404, 405, 408, 409, 410, 411, 412, 413, 418, 419, 425, 427, 436, 437, 438, 439, 440, 441, 442, 445, 458, 459, 460, 463, 464, 465, 466, 467, 468, 471, 474, 475, 476, 477, 478, 479, 481, 491, 492, 493, 494, 495, 498, 504, 505, 506, 508, 509, 510, 511, 513, 516, 517, 518, 519, 520, 521, 524, 525, 526, 528, 538, 539, 540, 541, 550, 556, 557, 558, 559, 560, 561, 562, 563, 564, 565, 566, 567, 568, 569, 570, 571, 572, 573, 575, 576, 579, 580, 583, 584, 585, 586, 587, 588, 589, 591, 1074, 1075, 1076, 1077, 1078, 1083, 1084, 1086, 1087, 1088, 1089, 1091, 1092, 1093, 1095, 1096, 1104, 1105, 1107, 1108, 1109, 1110, 1122, 1123, 1124, 1125, 1130, 1132, 1133, 1138, 1139, 1140, 1142, 1143, 1144, 1145, 1146, 1150, 1151, 1152, 1153, 1154, 1155, 1156, 1157, 1158, 1160, 1161, 1162, 1170, 1171, 1172, 1173, 1178, 1179, 1180, 1181, 1182, 1183, 1185, 1186, 1187, 1188, 1189, 1190, 1191, 1192, 1193, 1194, 1195, 1196, 1197, 1207, 1208, 1209, 1210, 1219, 1220, 1221, 1222, 1227, 1228, 1229, 1230, 1231, 1232, 1234, 1235, 1236, 1237, 1238, 1239, 1240, 1241, 1242, 1243, 1244, 1245, 1246, 1247, 1248, 1249, 1250, 1257, 1259, 1266, 1267, 1280, 1281, 1282, 1283, 1290, 1291, 1292, 1293, 1294, 1298, 1299, 1300, 1305, 1306, 1307, 1308, 1309, 1310, 1311, 1318, 1319, 1320, 1321, 1322, 1326, 1327, 1328, 1333, 1334, 1335, 1336, 1337, 1338, 1339, 1346, 1347, 1348, 1349, 1363, 1364, 1365, 1367, 1368, 1369, 1370, 1371, 1372, 1373, 1375, 1376, 1381, 1382, 1383, 1384, 1386, 1388, 1390, 1391, 1406, 1407, 1408, 1409, 1421, 1422, 1423, 1431, 1432, 1433, 1434, 1446, 1447, 1448, 1455, 1456, 1457, 1458, 1471, 1472, 1473, 1474, 1488, 1489, 1490, 1491, 1492, 1493, 1501, 1502, 1503, 1504, 1505, 1516, 1517, 1518, 1527, 1528, 1529, 1530, 1531, 1532, 1540, 1541, 1542, 1543, 1544, 1545, 1546, 1547, 1548, 1555, 1562, 1563, 1564, 1565], "excluded_lines": [], "start_line": 1}}}, "app/adapters/base.py": {"executed_lines": [], "summary": {"covered_lines": 0, "num_statements": 7, "percent_covered": 0.0, "percent_covered_display": "0", "missing_lines": 7, "excluded_lines": 23, "percent_statements_covered": 0.0, "percent_statements_covered_display": "0"}, "missing_lines": [3, 5, 14, 17, 18, 30, 31], "excluded_lines": [20, 21, 22, 23, 24, 25, 26, 27, 28, 29, 33, 34, 35, 36, 37, 38, 39, 40, 41, 42, 43, 44, 45], "functions": {"SourceAdapter.get_capabilities": {"executed_lines": [], "summary": {"covered_lines": 0, "num_statements": 0, "percent_covered": 100.0, "percent_covered_display": "100", "missing_lines": 0, "excluded_lines": 1, "percent_statements_covered": 100.0, "percent_statements_covered_display": "100"}, "missing_lines": [], "excluded_lines": [21], "start_line": 21}, "SourceAdapter.to_vat_finding": {"executed_lines": [], "summary": {"covered_lines": 0, "num_statements": 0, "percent_covered": 100.0, "percent_covered_display": "100", "missing_lines": 0, "excluded_lines": 1, "percent_statements_covered": 100.0, "percent_statements_covered_display": "100"}, "missing_lines": [], "excluded_lines": [23], "start_line": 23}, "SourceAdapter.ignore_issue": {"executed_lines": [], "summary": {"covered_lines": 0, "num_statements": 0, "percent_covered": 100.0, "percent_covered_display": "100", "missing_lines": 0, "excluded_lines": 1, "percent_statements_covered": 100.0, "percent_statements_covered_display": "100"}, "missing_lines": [], "excluded_lines": [25], "start_line": 25}, "SourceAdapter.unignore_issue": {"executed_lines": [], "summary": {"covered_lines": 0, "num_statements": 0, "percent_covered": 100.0, "percent_covered_display": "100", "missing_lines": 0, "excluded_lines": 1, "percent_statements_covered": 100.0, "percent_statements_covered_display": "100"}, "missing_lines": [], "excluded_lines": [27], "start_line": 27}, "TrackerAdapter.get_capabilities": {"executed_lines": [], "summary": {"covered_lines": 0, "num_statements": 0, "percent_covered": 100.0, "percent_covered_display": "100", "missing_lines": 0, "excluded_lines": 1, "percent_statements_covered": 100.0, "percent_statements_covered_display": "100"}, "missing_lines": [], "excluded_lines": [34], "start_line": 34}, "TrackerAdapter.create_issue": {"executed_lines": [], "summary": {"covered_lines": 0, "num_statements": 0, "percent_covered": 100.0, "percent_covered_display": "100", "missing_lines": 0, "excluded_lines": 1, "percent_statements_covered": 100.0, "percent_statements_covered_display": "100"}, "missing_lines": [], "excluded_lines": [36], "start_line": 36}, "TrackerAdapter.post_comment": {"executed_lines": [], "summary": {"covered_lines": 0, "num_statements": 0, "percent_covered": 100.0, "percent_covered_display": "100", "missing_lines": 0, "excluded_lines": 1, "percent_statements_covered": 100.0, "percent_statements_covered_display": "100"}, "missing_lines": [], "excluded_lines": [38], "start_line": 38}, "TrackerAdapter.update_issue": {"executed_lines": [], "summary": {"covered_lines": 0, "num_statements": 0, "percent_covered": 100.0, "percent_covered_display": "100", "missing_lines": 0, "excluded_lines": 1, "percent_statements_covered": 100.0, "percent_statements_covered_display": "100"}, "missing_lines": [], "excluded_lines": [40], "start_line": 40}, "TrackerAdapter.to_vat_comment_update": {"executed_lines": [], "summary": {"covered_lines": 0, "num_statements": 0, "percent_covered": 100.0, "percent_covered_display": "100", "missing_lines": 0, "excluded_lines": 1, "percent_statements_covered": 100.0, "percent_statements_covered_display": "100"}, "missing_lines": [], "excluded_lines": [44], "start_line": 42}, "": {"executed_lines": [], "summary": {"covered_lines": 0, "num_statements": 7, "percent_covered": 0.0, "percent_covered_display": "0", "missing_lines": 7, "excluded_lines": 13, "percent_statements_covered": 0.0, "percent_statements_covered_display": "0"}, "missing_lines": [3, 5, 14, 17, 18, 30, 31], "excluded_lines": [20, 22, 24, 26, 28, 29, 33, 35, 37, 39, 41, 42, 43], "start_line": 1}}, "classes": {"SourceAdapter": {"executed_lines": [], "summary": {"covered_lines": 0, "num_statements": 0, "percent_covered": 100.0, "percent_covered_display": "100", "missing_lines": 0, "excluded_lines": 4, "percent_statements_covered": 100.0, "percent_statements_covered_display": "100"}, "missing_lines": [], "excluded_lines": [21, 23, 25, 27], "start_line": 18}, "TrackerAdapter": {"executed_lines": [], "summary": {"covered_lines": 0, "num_statements": 0, "percent_covered": 100.0, "percent_covered_display": "100", "missing_lines": 0, "excluded_lines": 5, "percent_statements_covered": 100.0, "percent_statements_covered_display": "100"}, "missing_lines": [], "excluded_lines": [34, 36, 38, 40, 44], "start_line": 31}, "": {"executed_lines": [], "summary": {"covered_lines": 0, "num_statements": 7, "percent_covered": 0.0, "percent_covered_display": "0", "missing_lines": 7, "excluded_lines": 13, "percent_statements_covered": 0.0, "percent_statements_covered_display": "0"}, "missing_lines": [3, 5, 14, 17, 18, 30, 31], "excluded_lines": [20, 22, 24, 26, 28, 29, 33, 35, 37, 39, 41, 42, 43], "start_line": 1}}}, "app/adapters/linear.py": {"executed_lines": [5, 6, 7, 8, 10, 11, 13, 14, 15, 17, 21, 22, 23, 24, 31, 33, 36, 39, 44, 49, 57, 96, 120, 161, 167, 175, 182, 186, 205, 213, 214, 215, 223, 240, 355, 372, 442, 488, 489, 492, 493, 529, 542, 551, 559, 601, 648, 674, 676, 743, 812, 899, 904, 969, 998, 1079, 1241, 1242, 1244, 1258, 1280, 1302, 1308, 1328, 1388, 1429, 1430, 1444, 1456, 1485, 1501, 1570, 1618, 1652, 1653, 1659, 1661, 1662, 1669, 1700, 1733, 1734, 1741, 1774], "summary": {"covered_lines": 84, "num_statements": 874, "percent_covered": 9.610983981693364, "percent_covered_display": "10", "missing_lines": 790, "excluded_lines": 0, "percent_statements_covered": 9.610983981693364, "percent_statements_covered_display": "10"}, "missing_lines": [18, 19, 46, 51, 52, 53, 54, 64, 65, 66, 68, 75, 76, 77, 78, 79, 80, 81, 83, 84, 85, 86, 87, 88, 89, 90, 91, 92, 93, 101, 102, 103, 104, 111, 112, 113, 114, 115, 125, 126, 127, 128, 129, 130, 137, 138, 140, 147, 150, 151, 152, 153, 154, 155, 156, 157, 225, 226, 227, 228, 229, 230, 231, 232, 234, 237, 246, 247, 249, 252, 261, 262, 263, 264, 265, 266, 267, 270, 271, 272, 273, 274, 275, 276, 277, 283, 284, 285, 286, 287, 295, 296, 297, 298, 299, 304, 305, 306, 307, 308, 309, 310, 316, 317, 325, 326, 331, 332, 333, 334, 342, 343, 344, 347, 348, 349, 350, 352, 358, 359, 360, 361, 362, 363, 364, 365, 366, 369, 379, 380, 381, 382, 383, 384, 385, 386, 387, 389, 390, 394, 395, 406, 407, 408, 410, 411, 412, 413, 414, 415, 416, 417, 418, 419, 420, 421, 422, 423, 424, 425, 426, 427, 429, 430, 431, 432, 433, 434, 449, 450, 451, 452, 453, 454, 456, 457, 458, 459, 461, 465, 466, 467, 468, 469, 470, 472, 473, 474, 475, 476, 477, 478, 479, 480, 495, 535, 536, 537, 538, 540, 543, 552, 553, 554, 561, 562, 563, 564, 565, 566, 567, 570, 571, 573, 576, 577, 578, 579, 581, 582, 587, 588, 589, 590, 591, 592, 593, 594, 595, 596, 597, 598, 599, 610, 611, 612, 613, 621, 622, 626, 627, 628, 629, 630, 631, 632, 633, 635, 636, 637, 642, 643, 644, 645, 646, 653, 660, 661, 665, 666, 667, 668, 669, 670, 671, 672, 693, 694, 695, 696, 697, 698, 700, 701, 703, 704, 705, 712, 716, 717, 718, 719, 720, 721, 722, 723, 724, 725, 726, 727, 728, 729, 730, 731, 732, 734, 739, 740, 741, 748, 749, 751, 752, 753, 754, 755, 756, 757, 758, 760, 761, 767, 768, 770, 771, 776, 779, 780, 782, 783, 790, 792, 800, 801, 802, 803, 804, 805, 806, 807, 808, 809, 810, 819, 820, 821, 822, 824, 826, 827, 828, 829, 830, 831, 832, 833, 834, 835, 840, 841, 842, 843, 844, 850, 851, 852, 853, 860, 866, 867, 868, 870, 877, 878, 879, 880, 881, 882, 883, 884, 885, 886, 887, 888, 890, 894, 895, 896, 897, 906, 907, 910, 911, 912, 915, 918, 919, 920, 923, 924, 925, 926, 927, 929, 930, 938, 939, 941, 946, 949, 963, 964, 965, 966, 967, 971, 972, 973, 975, 976, 977, 978, 980, 988, 994, 995, 996, 1000, 1001, 1002, 1008, 1009, 1010, 1012, 1013, 1014, 1016, 1017, 1018, 1019, 1020, 1021, 1023, 1029, 1031, 1032, 1038, 1039, 1040, 1042, 1043, 1044, 1051, 1053, 1054, 1055, 1056, 1057, 1058, 1060, 1061, 1062, 1064, 1065, 1067, 1075, 1076, 1077, 1088, 1089, 1090, 1092, 1093, 1094, 1098, 1099, 1100, 1101, 1102, 1103, 1104, 1112, 1113, 1114, 1115, 1116, 1119, 1120, 1121, 1122, 1123, 1124, 1125, 1126, 1127, 1128, 1129, 1130, 1131, 1132, 1133, 1134, 1136, 1137, 1138, 1139, 1145, 1146, 1147, 1148, 1151, 1152, 1153, 1154, 1155, 1156, 1157, 1158, 1159, 1160, 1163, 1168, 1169, 1170, 1171, 1177, 1180, 1181, 1182, 1189, 1190, 1191, 1192, 1193, 1194, 1196, 1197, 1198, 1199, 1200, 1203, 1207, 1208, 1212, 1216, 1219, 1220, 1221, 1222, 1223, 1224, 1225, 1226, 1227, 1228, 1231, 1232, 1233, 1235, 1236, 1238, 1260, 1269, 1270, 1271, 1272, 1273, 1274, 1275, 1276, 1277, 1278, 1282, 1291, 1292, 1293, 1294, 1295, 1296, 1297, 1298, 1299, 1300, 1304, 1305, 1306, 1310, 1311, 1312, 1319, 1320, 1321, 1322, 1323, 1324, 1325, 1326, 1335, 1336, 1337, 1338, 1339, 1340, 1341, 1348, 1349, 1350, 1351, 1352, 1353, 1354, 1355, 1358, 1359, 1360, 1361, 1362, 1363, 1366, 1367, 1375, 1376, 1379, 1380, 1383, 1384, 1385, 1386, 1396, 1397, 1398, 1399, 1400, 1402, 1403, 1404, 1405, 1407, 1408, 1409, 1411, 1412, 1418, 1420, 1438, 1439, 1440, 1441, 1442, 1449, 1450, 1451, 1452, 1453, 1454, 1460, 1461, 1462, 1463, 1476, 1477, 1478, 1479, 1480, 1481, 1482, 1483, 1487, 1488, 1489, 1490, 1494, 1495, 1496, 1497, 1498, 1499, 1516, 1517, 1518, 1519, 1521, 1522, 1523, 1528, 1532, 1533, 1553, 1558, 1559, 1561, 1562, 1563, 1564, 1565, 1568, 1581, 1582, 1583, 1584, 1586, 1587, 1588, 1597, 1598, 1599, 1612, 1613, 1614, 1615, 1616, 1626, 1627, 1628, 1629, 1630, 1631, 1632, 1633, 1634, 1635, 1638, 1639, 1640, 1641, 1642, 1643, 1644, 1645, 1646, 1647, 1648, 1649, 1650, 1655, 1656, 1657, 1664, 1665, 1666, 1667, 1677, 1678, 1679, 1680, 1681, 1682, 1683, 1684, 1687, 1688, 1689, 1690, 1691, 1692, 1693, 1694, 1695, 1696, 1697, 1698, 1709, 1710, 1711, 1712, 1713, 1714, 1715, 1716, 1717, 1718, 1721, 1722, 1723, 1724, 1725, 1726, 1727, 1728, 1729, 1730, 1731, 1736, 1737, 1738, 1739, 1755, 1756, 1757, 1758, 1759, 1764, 1767, 1768, 1770, 1778, 1779, 1782, 1783, 1784], "excluded_lines": [], "functions": {"_is_uuid": {"executed_lines": [], "summary": {"covered_lines": 0, "num_statements": 1, "percent_covered": 0.0, "percent_covered_display": "0", "missing_lines": 1, "excluded_lines": 0, "percent_statements_covered": 0.0, "percent_statements_covered_display": "0"}, "missing_lines": [46], "excluded_lines": [], "start_line": 44}, "_team_filter": {"executed_lines": [], "summary": {"covered_lines": 0, "num_statements": 4, "percent_covered": 0.0, "percent_covered_display": "0", "missing_lines": 4, "excluded_lines": 0, "percent_statements_covered": 0.0, "percent_statements_covered_display": "0"}, "missing_lines": [51, 52, 53, 54], "excluded_lines": [], "start_line": 49}, "_resolve_issue_id": {"executed_lines": [], "summary": {"covered_lines": 0, "num_statements": 22, "percent_covered": 0.0, "percent_covered_display": "0", "missing_lines": 22, "excluded_lines": 0, "percent_statements_covered": 0.0, "percent_statements_covered_display": "0"}, "missing_lines": [64, 65, 66, 68, 75, 76, 77, 78, 79, 80, 81, 83, 84, 85, 86, 87, 88, 89, 90, 91, 92, 93], "excluded_lines": [], "start_line": 57}, "_resolve_team_uuid": {"executed_lines": [], "summary": {"covered_lines": 0, "num_statements": 9, "percent_covered": 0.0, "percent_covered_display": "0", "missing_lines": 9, "excluded_lines": 0, "percent_statements_covered": 0.0, "percent_statements_covered_display": "0"}, "missing_lines": [101, 102, 103, 104, 111, 112, 113, 114, 115], "excluded_lines": [], "start_line": 96}, "get_organization_url_key": {"executed_lines": [], "summary": {"covered_lines": 0, "num_statements": 18, "percent_covered": 0.0, "percent_covered_display": "0", "missing_lines": 18, "excluded_lines": 0, "percent_statements_covered": 0.0, "percent_statements_covered_display": "0"}, "missing_lines": [125, 126, 127, 128, 129, 130, 137, 138, 140, 147, 150, 151, 152, 153, 154, 155, 156, 157], "excluded_lines": [], "start_line": 120}, "_normalize_status": {"executed_lines": [], "summary": {"covered_lines": 0, "num_statements": 10, "percent_covered": 0.0, "percent_covered_display": "0", "missing_lines": 10, "excluded_lines": 0, "percent_statements_covered": 0.0, "percent_statements_covered_display": "0"}, "missing_lines": [225, 226, 227, 228, 229, 230, 231, 232, 234, 237], "excluded_lines": [], "start_line": 223}, "_parse_vat_block": {"executed_lines": [], "summary": {"covered_lines": 0, "num_statements": 45, "percent_covered": 0.0, "percent_covered_display": "0", "missing_lines": 45, "excluded_lines": 0, "percent_statements_covered": 0.0, "percent_statements_covered_display": "0"}, "missing_lines": [246, 247, 249, 261, 270, 271, 272, 273, 274, 275, 276, 277, 283, 284, 285, 286, 287, 295, 296, 297, 298, 299, 304, 305, 306, 307, 308, 309, 310, 316, 317, 325, 326, 331, 332, 333, 334, 342, 343, 344, 347, 348, 349, 350, 352], "excluded_lines": [], "start_line": 240}, "_parse_vat_block._make_result": {"executed_lines": [], "summary": {"covered_lines": 0, "num_statements": 1, "percent_covered": 0.0, "percent_covered_display": "0", "missing_lines": 1, "excluded_lines": 0, "percent_statements_covered": 0.0, "percent_statements_covered_display": "0"}, "missing_lines": [252], "excluded_lines": [], "start_line": 249}, "_parse_vat_block._extract_status": {"executed_lines": [], "summary": {"covered_lines": 0, "num_statements": 6, "percent_covered": 0.0, "percent_covered_display": "0", "missing_lines": 6, "excluded_lines": 0, "percent_statements_covered": 0.0, "percent_statements_covered_display": "0"}, "missing_lines": [262, 263, 264, 265, 266, 267], "excluded_lines": [], "start_line": 261}, "_get_spacy_nlp": {"executed_lines": [], "summary": {"covered_lines": 0, "num_statements": 10, "percent_covered": 0.0, "percent_covered_display": "0", "missing_lines": 10, "excluded_lines": 0, "percent_statements_covered": 0.0, "percent_statements_covered_display": "0"}, "missing_lines": [358, 359, 360, 361, 362, 363, 364, 365, 366, 369], "excluded_lines": [], "start_line": 355}, "_parse_vat_block_spacy": {"executed_lines": [], "summary": {"covered_lines": 0, "num_statements": 40, "percent_covered": 0.0, "percent_covered_display": "0", "missing_lines": 40, "excluded_lines": 0, "percent_statements_covered": 0.0, "percent_statements_covered_display": "0"}, "missing_lines": [379, 380, 381, 382, 383, 384, 385, 386, 387, 389, 390, 394, 395, 406, 407, 408, 410, 411, 412, 413, 414, 415, 416, 417, 418, 419, 420, 421, 422, 423, 424, 425, 426, 427, 429, 430, 431, 432, 433, 434], "excluded_lines": [], "start_line": 372}, "_parse_vat_block_key_value": {"executed_lines": [], "summary": {"covered_lines": 0, "num_statements": 16, "percent_covered": 0.0, "percent_covered_display": "0", "missing_lines": 16, "excluded_lines": 0, "percent_statements_covered": 0.0, "percent_statements_covered_display": "0"}, "missing_lines": [449, 450, 451, 452, 453, 454, 456, 472, 473, 474, 475, 476, 477, 478, 479, 480], "excluded_lines": [], "start_line": 442}, "_parse_vat_block_key_value._find_value": {"executed_lines": [], "summary": {"covered_lines": 0, "num_statements": 10, "percent_covered": 0.0, "percent_covered_display": "0", "missing_lines": 10, "excluded_lines": 0, "percent_statements_covered": 0.0, "percent_statements_covered_display": "0"}, "missing_lines": [457, 458, 459, 461, 465, 466, 467, 468, 469, 470], "excluded_lines": [], "start_line": 456}, "LinearAdapter.get_settings_schema": {"executed_lines": [], "summary": {"covered_lines": 0, "num_statements": 1, "percent_covered": 0.0, "percent_covered_display": "0", "missing_lines": 1, "excluded_lines": 0, "percent_statements_covered": 0.0, "percent_statements_covered_display": "0"}, "missing_lines": [495], "excluded_lines": [], "start_line": 493}, "LinearAdapter.__init__": {"executed_lines": [], "summary": {"covered_lines": 0, "num_statements": 5, "percent_covered": 0.0, "percent_covered_display": "0", "missing_lines": 5, "excluded_lines": 0, "percent_statements_covered": 0.0, "percent_statements_covered_display": "0"}, "missing_lines": [535, 536, 537, 538, 540], "excluded_lines": [], "start_line": 529}, "LinearAdapter.get_capabilities": {"executed_lines": [], "summary": {"covered_lines": 0, "num_statements": 1, "percent_covered": 0.0, "percent_covered_display": "0", "missing_lines": 1, "excluded_lines": 0, "percent_statements_covered": 0.0, "percent_statements_covered_display": "0"}, "missing_lines": [543], "excluded_lines": [], "start_line": 542}, "LinearAdapter._headers": {"executed_lines": [], "summary": {"covered_lines": 0, "num_statements": 3, "percent_covered": 0.0, "percent_covered_display": "0", "missing_lines": 3, "excluded_lines": 0, "percent_statements_covered": 0.0, "percent_statements_covered_display": "0"}, "missing_lines": [552, 553, 554], "excluded_lines": [], "start_line": 551}, "LinearAdapter._request": {"executed_lines": [], "summary": {"covered_lines": 0, "num_statements": 29, "percent_covered": 0.0, "percent_covered_display": "0", "missing_lines": 29, "excluded_lines": 0, "percent_statements_covered": 0.0, "percent_statements_covered_display": "0"}, "missing_lines": [561, 562, 563, 564, 565, 566, 567, 570, 571, 573, 576, 577, 578, 579, 581, 582, 587, 588, 589, 590, 591, 592, 593, 594, 595, 596, 597, 598, 599], "excluded_lines": [], "start_line": 559}, "LinearAdapter._create_label": {"executed_lines": [], "summary": {"covered_lines": 0, "num_statements": 22, "percent_covered": 0.0, "percent_covered_display": "0", "missing_lines": 22, "excluded_lines": 0, "percent_statements_covered": 0.0, "percent_statements_covered_display": "0"}, "missing_lines": [610, 611, 612, 613, 621, 622, 626, 627, 628, 629, 630, 631, 632, 633, 635, 636, 637, 642, 643, 644, 645, 646], "excluded_lines": [], "start_line": 601}, "LinearAdapter._fetch_label_id_by_name": {"executed_lines": [], "summary": {"covered_lines": 0, "num_statements": 11, "percent_covered": 0.0, "percent_covered_display": "0", "missing_lines": 11, "excluded_lines": 0, "percent_statements_covered": 0.0, "percent_statements_covered_display": "0"}, "missing_lines": [653, 660, 661, 665, 666, 667, 668, 669, 670, 671, 672], "excluded_lines": [], "start_line": 648}, "LinearAdapter._resolve_label_ids": {"executed_lines": [], "summary": {"covered_lines": 0, "num_statements": 33, "percent_covered": 0.0, "percent_covered_display": "0", "missing_lines": 33, "excluded_lines": 0, "percent_statements_covered": 0.0, "percent_statements_covered_display": "0"}, "missing_lines": [693, 694, 695, 696, 697, 698, 700, 701, 703, 704, 705, 712, 716, 717, 718, 719, 720, 721, 722, 723, 724, 725, 726, 727, 728, 729, 730, 731, 732, 734, 739, 740, 741], "excluded_lines": [], "start_line": 676}, "LinearAdapter.create_issue": {"executed_lines": [], "summary": {"covered_lines": 0, "num_statements": 34, "percent_covered": 0.0, "percent_covered_display": "0", "missing_lines": 34, "excluded_lines": 0, "percent_statements_covered": 0.0, "percent_statements_covered_display": "0"}, "missing_lines": [748, 749, 751, 752, 753, 754, 755, 756, 757, 758, 760, 761, 767, 768, 770, 771, 776, 779, 780, 782, 783, 790, 792, 800, 801, 802, 803, 804, 805, 806, 807, 808, 809, 810], "excluded_lines": [], "start_line": 743}, "LinearAdapter.create_issues_batch": {"executed_lines": [], "summary": {"covered_lines": 0, "num_statements": 46, "percent_covered": 0.0, "percent_covered_display": "0", "missing_lines": 46, "excluded_lines": 0, "percent_statements_covered": 0.0, "percent_statements_covered_display": "0"}, "missing_lines": [819, 820, 821, 822, 824, 826, 827, 828, 829, 830, 831, 832, 833, 834, 835, 840, 841, 842, 843, 844, 850, 851, 852, 853, 860, 866, 867, 868, 870, 877, 878, 879, 880, 881, 882, 883, 884, 885, 886, 887, 888, 890, 894, 895, 896, 897], "excluded_lines": [], "start_line": 812}, "LinearAdapter._build_issue_body": {"executed_lines": [], "summary": {"covered_lines": 0, "num_statements": 26, "percent_covered": 0.0, "percent_covered_display": "0", "missing_lines": 26, "excluded_lines": 0, "percent_statements_covered": 0.0, "percent_statements_covered_display": "0"}, "missing_lines": [906, 907, 910, 911, 912, 915, 918, 919, 920, 923, 924, 925, 926, 927, 929, 930, 938, 939, 941, 946, 949, 963, 964, 965, 966, 967], "excluded_lines": [], "start_line": 904}, "LinearAdapter.post_comment": {"executed_lines": [], "summary": {"covered_lines": 0, "num_statements": 12, "percent_covered": 0.0, "percent_covered_display": "0", "missing_lines": 12, "excluded_lines": 0, "percent_statements_covered": 0.0, "percent_statements_covered_display": "0"}, "missing_lines": [971, 972, 973, 975, 976, 977, 978, 980, 988, 994, 995, 996], "excluded_lines": [], "start_line": 969}, "LinearAdapter.update_issue": {"executed_lines": [], "summary": {"covered_lines": 0, "num_statements": 41, "percent_covered": 0.0, "percent_covered_display": "0", "missing_lines": 41, "excluded_lines": 0, "percent_statements_covered": 0.0, "percent_statements_covered_display": "0"}, "missing_lines": [1000, 1001, 1002, 1008, 1009, 1010, 1012, 1013, 1014, 1016, 1017, 1018, 1019, 1020, 1021, 1023, 1029, 1031, 1032, 1038, 1039, 1040, 1042, 1043, 1044, 1051, 1053, 1054, 1055, 1056, 1057, 1058, 1060, 1061, 1062, 1064, 1065, 1067, 1075, 1076, 1077], "excluded_lines": [], "start_line": 998}, "LinearAdapter.update_issues_batch": {"executed_lines": [], "summary": {"covered_lines": 0, "num_statements": 90, "percent_covered": 0.0, "percent_covered_display": "0", "missing_lines": 90, "excluded_lines": 0, "percent_statements_covered": 0.0, "percent_statements_covered_display": "0"}, "missing_lines": [1088, 1089, 1090, 1092, 1093, 1094, 1098, 1099, 1100, 1101, 1102, 1103, 1104, 1112, 1113, 1114, 1115, 1116, 1119, 1120, 1121, 1122, 1123, 1124, 1125, 1126, 1127, 1128, 1129, 1130, 1131, 1132, 1133, 1134, 1136, 1145, 1146, 1147, 1148, 1151, 1152, 1153, 1154, 1155, 1156, 1157, 1158, 1159, 1160, 1163, 1168, 1169, 1170, 1171, 1177, 1180, 1181, 1182, 1189, 1190, 1191, 1192, 1193, 1194, 1196, 1197, 1198, 1199, 1200, 1203, 1207, 1208, 1212, 1216, 1219, 1220, 1221, 1222, 1223, 1224, 1225, 1226, 1227, 1228, 1231, 1232, 1233, 1235, 1236, 1238], "excluded_lines": [], "start_line": 1079}, "LinearAdapter.update_issues_batch._uuid": {"executed_lines": [], "summary": {"covered_lines": 0, "num_statements": 3, "percent_covered": 0.0, "percent_covered_display": "0", "missing_lines": 3, "excluded_lines": 0, "percent_statements_covered": 0.0, "percent_statements_covered_display": "0"}, "missing_lines": [1137, 1138, 1139], "excluded_lines": [], "start_line": 1136}, "LinearAdapter._get_open_state_id_for_team": {"executed_lines": [], "summary": {"covered_lines": 0, "num_statements": 11, "percent_covered": 0.0, "percent_covered_display": "0", "missing_lines": 11, "excluded_lines": 0, "percent_statements_covered": 0.0, "percent_statements_covered_display": "0"}, "missing_lines": [1260, 1269, 1270, 1271, 1272, 1273, 1274, 1275, 1276, 1277, 1278], "excluded_lines": [], "start_line": 1258}, "LinearAdapter._get_done_state_id_for_team": {"executed_lines": [], "summary": {"covered_lines": 0, "num_statements": 11, "percent_covered": 0.0, "percent_covered_display": "0", "missing_lines": 11, "excluded_lines": 0, "percent_statements_covered": 0.0, "percent_statements_covered_display": "0"}, "missing_lines": [1282, 1291, 1292, 1293, 1294, 1295, 1296, 1297, 1298, 1299, 1300], "excluded_lines": [], "start_line": 1280}, "LinearAdapter._vat_status_to_should_close": {"executed_lines": [], "summary": {"covered_lines": 0, "num_statements": 3, "percent_covered": 0.0, "percent_covered_display": "0", "missing_lines": 3, "excluded_lines": 0, "percent_statements_covered": 0.0, "percent_statements_covered_display": "0"}, "missing_lines": [1304, 1305, 1306], "excluded_lines": [], "start_line": 1302}, "LinearAdapter.is_state_closed": {"executed_lines": [], "summary": {"covered_lines": 0, "num_statements": 11, "percent_covered": 0.0, "percent_covered_display": "0", "missing_lines": 11, "excluded_lines": 0, "percent_statements_covered": 0.0, "percent_statements_covered_display": "0"}, "missing_lines": [1310, 1311, 1312, 1319, 1320, 1321, 1322, 1323, 1324, 1325, 1326], "excluded_lines": [], "start_line": 1308}, "LinearAdapter.reopen_issue": {"executed_lines": [], "summary": {"covered_lines": 0, "num_statements": 31, "percent_covered": 0.0, "percent_covered_display": "0", "missing_lines": 31, "excluded_lines": 0, "percent_statements_covered": 0.0, "percent_statements_covered_display": "0"}, "missing_lines": [1335, 1336, 1337, 1338, 1339, 1340, 1341, 1348, 1349, 1350, 1351, 1352, 1353, 1354, 1355, 1358, 1359, 1360, 1361, 1362, 1363, 1366, 1367, 1375, 1376, 1379, 1380, 1383, 1384, 1385, 1386], "excluded_lines": [], "start_line": 1328}, "LinearAdapter.to_vat_comment_update": {"executed_lines": [], "summary": {"covered_lines": 0, "num_statements": 16, "percent_covered": 0.0, "percent_covered_display": "0", "missing_lines": 16, "excluded_lines": 0, "percent_statements_covered": 0.0, "percent_statements_covered_display": "0"}, "missing_lines": [1396, 1397, 1398, 1399, 1400, 1402, 1403, 1404, 1405, 1407, 1408, 1409, 1411, 1412, 1418, 1420], "excluded_lines": [], "start_line": 1388}, "LinearAdapter.parse_vat_block_from_text": {"executed_lines": [], "summary": {"covered_lines": 0, "num_statements": 5, "percent_covered": 0.0, "percent_covered_display": "0", "missing_lines": 5, "excluded_lines": 0, "percent_statements_covered": 0.0, "percent_statements_covered_display": "0"}, "missing_lines": [1438, 1439, 1440, 1441, 1442], "excluded_lines": [], "start_line": 1430}, "LinearAdapter.list_comments": {"executed_lines": [], "summary": {"covered_lines": 0, "num_statements": 6, "percent_covered": 0.0, "percent_covered_display": "0", "missing_lines": 6, "excluded_lines": 0, "percent_statements_covered": 0.0, "percent_statements_covered_display": "0"}, "missing_lines": [1449, 1450, 1451, 1452, 1453, 1454], "excluded_lines": [], "start_line": 1444}, "LinearAdapter.get_issue_with_comments": {"executed_lines": [], "summary": {"covered_lines": 0, "num_statements": 12, "percent_covered": 0.0, "percent_covered_display": "0", "missing_lines": 12, "excluded_lines": 0, "percent_statements_covered": 0.0, "percent_statements_covered_display": "0"}, "missing_lines": [1460, 1461, 1462, 1463, 1476, 1477, 1478, 1479, 1480, 1481, 1482, 1483], "excluded_lines": [], "start_line": 1456}, "LinearAdapter.get_issue": {"executed_lines": [], "summary": {"covered_lines": 0, "num_statements": 10, "percent_covered": 0.0, "percent_covered_display": "0", "missing_lines": 10, "excluded_lines": 0, "percent_statements_covered": 0.0, "percent_statements_covered_display": "0"}, "missing_lines": [1487, 1488, 1489, 1490, 1494, 1495, 1496, 1497, 1498, 1499], "excluded_lines": [], "start_line": 1485}, "LinearAdapter.list_issues": {"executed_lines": [], "summary": {"covered_lines": 0, "num_statements": 19, "percent_covered": 0.0, "percent_covered_display": "0", "missing_lines": 19, "excluded_lines": 0, "percent_statements_covered": 0.0, "percent_statements_covered_display": "0"}, "missing_lines": [1516, 1517, 1518, 1519, 1521, 1522, 1523, 1528, 1532, 1533, 1553, 1558, 1559, 1561, 1562, 1563, 1564, 1565, 1568], "excluded_lines": [], "start_line": 1501}, "LinearAdapter.list_issues_by_ids": {"executed_lines": [], "summary": {"covered_lines": 0, "num_statements": 15, "percent_covered": 0.0, "percent_covered_display": "0", "missing_lines": 15, "excluded_lines": 0, "percent_statements_covered": 0.0, "percent_statements_covered_display": "0"}, "missing_lines": [1581, 1582, 1583, 1584, 1586, 1587, 1588, 1597, 1598, 1599, 1612, 1613, 1614, 1615, 1616], "excluded_lines": [], "start_line": 1570}, "LinearAdapter.find_existing_issue_for_cve": {"executed_lines": [], "summary": {"covered_lines": 0, "num_statements": 23, "percent_covered": 0.0, "percent_covered_display": "0", "missing_lines": 23, "excluded_lines": 0, "percent_statements_covered": 0.0, "percent_statements_covered_display": "0"}, "missing_lines": [1626, 1627, 1628, 1629, 1630, 1631, 1632, 1633, 1634, 1635, 1638, 1639, 1640, 1641, 1642, 1643, 1644, 1645, 1646, 1647, 1648, 1649, 1650], "excluded_lines": [], "start_line": 1618}, "LinearAdapter._normalize_title": {"executed_lines": [], "summary": {"covered_lines": 0, "num_statements": 3, "percent_covered": 0.0, "percent_covered_display": "0", "missing_lines": 3, "excluded_lines": 0, "percent_statements_covered": 0.0, "percent_statements_covered_display": "0"}, "missing_lines": [1655, 1656, 1657], "excluded_lines": [], "start_line": 1653}, "LinearAdapter._extract_group_key": {"executed_lines": [], "summary": {"covered_lines": 0, "num_statements": 4, "percent_covered": 0.0, "percent_covered_display": "0", "missing_lines": 4, "excluded_lines": 0, "percent_statements_covered": 0.0, "percent_statements_covered_display": "0"}, "missing_lines": [1664, 1665, 1666, 1667], "excluded_lines": [], "start_line": 1662}, "LinearAdapter.find_existing_issue_for_group_key": {"executed_lines": [], "summary": {"covered_lines": 0, "num_statements": 20, "percent_covered": 0.0, "percent_covered_display": "0", "missing_lines": 20, "excluded_lines": 0, "percent_statements_covered": 0.0, "percent_statements_covered_display": "0"}, "missing_lines": [1677, 1678, 1679, 1680, 1681, 1682, 1683, 1684, 1687, 1688, 1689, 1690, 1691, 1692, 1693, 1694, 1695, 1696, 1697, 1698], "excluded_lines": [], "start_line": 1669}, "LinearAdapter.find_existing_issue_for_title": {"executed_lines": [], "summary": {"covered_lines": 0, "num_statements": 21, "percent_covered": 0.0, "percent_covered_display": "0", "missing_lines": 21, "excluded_lines": 0, "percent_statements_covered": 0.0, "percent_statements_covered_display": "0"}, "missing_lines": [1709, 1710, 1711, 1712, 1713, 1714, 1715, 1716, 1717, 1718, 1721, 1722, 1723, 1724, 1725, 1726, 1727, 1728, 1729, 1730, 1731], "excluded_lines": [], "start_line": 1700}, "LinearAdapter.extract_cve_ids": {"executed_lines": [], "summary": {"covered_lines": 0, "num_statements": 4, "percent_covered": 0.0, "percent_covered_display": "0", "missing_lines": 4, "excluded_lines": 0, "percent_statements_covered": 0.0, "percent_statements_covered_display": "0"}, "missing_lines": [1736, 1737, 1738, 1739], "excluded_lines": [], "start_line": 1734}, "LinearAdapter.inject_vat_template_on_issue": {"executed_lines": [], "summary": {"covered_lines": 0, "num_statements": 9, "percent_covered": 0.0, "percent_covered_display": "0", "missing_lines": 9, "excluded_lines": 0, "percent_statements_covered": 0.0, "percent_statements_covered_display": "0"}, "missing_lines": [1755, 1756, 1757, 1758, 1759, 1764, 1767, 1768, 1770], "excluded_lines": [], "start_line": 1741}, "LinearAdapter.format_canonical_block": {"executed_lines": [], "summary": {"covered_lines": 0, "num_statements": 5, "percent_covered": 0.0, "percent_covered_display": "0", "missing_lines": 5, "excluded_lines": 0, "percent_statements_covered": 0.0, "percent_statements_covered_display": "0"}, "missing_lines": [1778, 1779, 1782, 1783, 1784], "excluded_lines": [], "start_line": 1774}, "": {"executed_lines": [5, 6, 7, 8, 10, 11, 13, 14, 15, 17, 21, 22, 23, 24, 31, 33, 36, 39, 44, 49, 57, 96, 120, 161, 167, 175, 182, 186, 205, 213, 214, 215, 223, 240, 355, 372, 442, 488, 489, 492, 493, 529, 542, 551, 559, 601, 648, 674, 676, 743, 812, 899, 904, 969, 998, 1079, 1241, 1242, 1244, 1258, 1280, 1302, 1308, 1328, 1388, 1429, 1430, 1444, 1456, 1485, 1501, 1570, 1618, 1652, 1653, 1659, 1661, 1662, 1669, 1700, 1733, 1734, 1741, 1774], "summary": {"covered_lines": 84, "num_statements": 86, "percent_covered": 97.67441860465117, "percent_covered_display": "98", "missing_lines": 2, "excluded_lines": 0, "percent_statements_covered": 97.67441860465117, "percent_statements_covered_display": "98"}, "missing_lines": [18, 19], "excluded_lines": [], "start_line": 1}}, "classes": {"LinearAdapter": {"executed_lines": [], "summary": {"covered_lines": 0, "num_statements": 596, "percent_covered": 0.0, "percent_covered_display": "0", "missing_lines": 596, "excluded_lines": 0, "percent_statements_covered": 0.0, "percent_statements_covered_display": "0"}, "missing_lines": [495, 535, 536, 537, 538, 540, 543, 552, 553, 554, 561, 562, 563, 564, 565, 566, 567, 570, 571, 573, 576, 577, 578, 579, 581, 582, 587, 588, 589, 590, 591, 592, 593, 594, 595, 596, 597, 598, 599, 610, 611, 612, 613, 621, 622, 626, 627, 628, 629, 630, 631, 632, 633, 635, 636, 637, 642, 643, 644, 645, 646, 653, 660, 661, 665, 666, 667, 668, 669, 670, 671, 672, 693, 694, 695, 696, 697, 698, 700, 701, 703, 704, 705, 712, 716, 717, 718, 719, 720, 721, 722, 723, 724, 725, 726, 727, 728, 729, 730, 731, 732, 734, 739, 740, 741, 748, 749, 751, 752, 753, 754, 755, 756, 757, 758, 760, 761, 767, 768, 770, 771, 776, 779, 780, 782, 783, 790, 792, 800, 801, 802, 803, 804, 805, 806, 807, 808, 809, 810, 819, 820, 821, 822, 824, 826, 827, 828, 829, 830, 831, 832, 833, 834, 835, 840, 841, 842, 843, 844, 850, 851, 852, 853, 860, 866, 867, 868, 870, 877, 878, 879, 880, 881, 882, 883, 884, 885, 886, 887, 888, 890, 894, 895, 896, 897, 906, 907, 910, 911, 912, 915, 918, 919, 920, 923, 924, 925, 926, 927, 929, 930, 938, 939, 941, 946, 949, 963, 964, 965, 966, 967, 971, 972, 973, 975, 976, 977, 978, 980, 988, 994, 995, 996, 1000, 1001, 1002, 1008, 1009, 1010, 1012, 1013, 1014, 1016, 1017, 1018, 1019, 1020, 1021, 1023, 1029, 1031, 1032, 1038, 1039, 1040, 1042, 1043, 1044, 1051, 1053, 1054, 1055, 1056, 1057, 1058, 1060, 1061, 1062, 1064, 1065, 1067, 1075, 1076, 1077, 1088, 1089, 1090, 1092, 1093, 1094, 1098, 1099, 1100, 1101, 1102, 1103, 1104, 1112, 1113, 1114, 1115, 1116, 1119, 1120, 1121, 1122, 1123, 1124, 1125, 1126, 1127, 1128, 1129, 1130, 1131, 1132, 1133, 1134, 1136, 1137, 1138, 1139, 1145, 1146, 1147, 1148, 1151, 1152, 1153, 1154, 1155, 1156, 1157, 1158, 1159, 1160, 1163, 1168, 1169, 1170, 1171, 1177, 1180, 1181, 1182, 1189, 1190, 1191, 1192, 1193, 1194, 1196, 1197, 1198, 1199, 1200, 1203, 1207, 1208, 1212, 1216, 1219, 1220, 1221, 1222, 1223, 1224, 1225, 1226, 1227, 1228, 1231, 1232, 1233, 1235, 1236, 1238, 1260, 1269, 1270, 1271, 1272, 1273, 1274, 1275, 1276, 1277, 1278, 1282, 1291, 1292, 1293, 1294, 1295, 1296, 1297, 1298, 1299, 1300, 1304, 1305, 1306, 1310, 1311, 1312, 1319, 1320, 1321, 1322, 1323, 1324, 1325, 1326, 1335, 1336, 1337, 1338, 1339, 1340, 1341, 1348, 1349, 1350, 1351, 1352, 1353, 1354, 1355, 1358, 1359, 1360, 1361, 1362, 1363, 1366, 1367, 1375, 1376, 1379, 1380, 1383, 1384, 1385, 1386, 1396, 1397, 1398, 1399, 1400, 1402, 1403, 1404, 1405, 1407, 1408, 1409, 1411, 1412, 1418, 1420, 1438, 1439, 1440, 1441, 1442, 1449, 1450, 1451, 1452, 1453, 1454, 1460, 1461, 1462, 1463, 1476, 1477, 1478, 1479, 1480, 1481, 1482, 1483, 1487, 1488, 1489, 1490, 1494, 1495, 1496, 1497, 1498, 1499, 1516, 1517, 1518, 1519, 1521, 1522, 1523, 1528, 1532, 1533, 1553, 1558, 1559, 1561, 1562, 1563, 1564, 1565, 1568, 1581, 1582, 1583, 1584, 1586, 1587, 1588, 1597, 1598, 1599, 1612, 1613, 1614, 1615, 1616, 1626, 1627, 1628, 1629, 1630, 1631, 1632, 1633, 1634, 1635, 1638, 1639, 1640, 1641, 1642, 1643, 1644, 1645, 1646, 1647, 1648, 1649, 1650, 1655, 1656, 1657, 1664, 1665, 1666, 1667, 1677, 1678, 1679, 1680, 1681, 1682, 1683, 1684, 1687, 1688, 1689, 1690, 1691, 1692, 1693, 1694, 1695, 1696, 1697, 1698, 1709, 1710, 1711, 1712, 1713, 1714, 1715, 1716, 1717, 1718, 1721, 1722, 1723, 1724, 1725, 1726, 1727, 1728, 1729, 1730, 1731, 1736, 1737, 1738, 1739, 1755, 1756, 1757, 1758, 1759, 1764, 1767, 1768, 1770, 1778, 1779, 1782, 1783, 1784], "excluded_lines": [], "start_line": 489}, "": {"executed_lines": [5, 6, 7, 8, 10, 11, 13, 14, 15, 17, 21, 22, 23, 24, 31, 33, 36, 39, 44, 49, 57, 96, 120, 161, 167, 175, 182, 186, 205, 213, 214, 215, 223, 240, 355, 372, 442, 488, 489, 492, 493, 529, 542, 551, 559, 601, 648, 674, 676, 743, 812, 899, 904, 969, 998, 1079, 1241, 1242, 1244, 1258, 1280, 1302, 1308, 1328, 1388, 1429, 1430, 1444, 1456, 1485, 1501, 1570, 1618, 1652, 1653, 1659, 1661, 1662, 1669, 1700, 1733, 1734, 1741, 1774], "summary": {"covered_lines": 84, "num_statements": 278, "percent_covered": 30.215827338129497, "percent_covered_display": "30", "missing_lines": 194, "excluded_lines": 0, "percent_statements_covered": 30.215827338129497, "percent_statements_covered_display": "30"}, "missing_lines": [18, 19, 46, 51, 52, 53, 54, 64, 65, 66, 68, 75, 76, 77, 78, 79, 80, 81, 83, 84, 85, 86, 87, 88, 89, 90, 91, 92, 93, 101, 102, 103, 104, 111, 112, 113, 114, 115, 125, 126, 127, 128, 129, 130, 137, 138, 140, 147, 150, 151, 152, 153, 154, 155, 156, 157, 225, 226, 227, 228, 229, 230, 231, 232, 234, 237, 246, 247, 249, 252, 261, 262, 263, 264, 265, 266, 267, 270, 271, 272, 273, 274, 275, 276, 277, 283, 284, 285, 286, 287, 295, 296, 297, 298, 299, 304, 305, 306, 307, 308, 309, 310, 316, 317, 325, 326, 331, 332, 333, 334, 342, 343, 344, 347, 348, 349, 350, 352, 358, 359, 360, 361, 362, 363, 364, 365, 366, 369, 379, 380, 381, 382, 383, 384, 385, 386, 387, 389, 390, 394, 395, 406, 407, 408, 410, 411, 412, 413, 414, 415, 416, 417, 418, 419, 420, 421, 422, 423, 424, 425, 426, 427, 429, 430, 431, 432, 433, 434, 449, 450, 451, 452, 453, 454, 456, 457, 458, 459, 461, 465, 466, 467, 468, 469, 470, 472, 473, 474, 475, 476, 477, 478, 479, 480], "excluded_lines": [], "start_line": 1}}}, "app/adapters/registry.py": {"executed_lines": [3, 4, 7, 8, 10, 13, 16, 17, 19, 20, 22, 25, 28, 29, 31, 32, 34, 37, 38, 41, 42, 43, 46, 47, 50, 51, 52, 53, 54], "summary": {"covered_lines": 29, "num_statements": 31, "percent_covered": 93.54838709677419, "percent_covered_display": "94", "missing_lines": 2, "excluded_lines": 0, "percent_statements_covered": 93.54838709677419, "percent_statements_covered_display": "94"}, "missing_lines": [18, 30], "excluded_lines": [], "functions": {"register_source_adapter": {"executed_lines": [16, 22], "summary": {"covered_lines": 2, "num_statements": 2, "percent_covered": 100.0, "percent_covered_display": "100", "missing_lines": 0, "excluded_lines": 0, "percent_statements_covered": 100.0, "percent_statements_covered_display": "100"}, "missing_lines": [], "excluded_lines": [], "start_line": 13}, "register_source_adapter.decorator": {"executed_lines": [17, 19, 20], "summary": {"covered_lines": 3, "num_statements": 4, "percent_covered": 75.0, "percent_covered_display": "75", "missing_lines": 1, "excluded_lines": 0, "percent_statements_covered": 75.0, "percent_statements_covered_display": "75"}, "missing_lines": [18], "excluded_lines": [], "start_line": 16}, "register_tracker_adapter": {"executed_lines": [28, 34], "summary": {"covered_lines": 2, "num_statements": 2, "percent_covered": 100.0, "percent_covered_display": "100", "missing_lines": 0, "excluded_lines": 0, "percent_statements_covered": 100.0, "percent_statements_covered_display": "100"}, "missing_lines": [], "excluded_lines": [], "start_line": 25}, "register_tracker_adapter.decorator": {"executed_lines": [29, 31, 32], "summary": {"covered_lines": 3, "num_statements": 4, "percent_covered": 75.0, "percent_covered_display": "75", "missing_lines": 1, "excluded_lines": 0, "percent_statements_covered": 75.0, "percent_statements_covered_display": "75"}, "missing_lines": [30], "excluded_lines": [], "start_line": 28}, "": {"executed_lines": [3, 4, 7, 8, 10, 13, 25, 37, 38, 41, 42, 43, 46, 47, 50, 51, 52, 53, 54], "summary": {"covered_lines": 19, "num_statements": 19, "percent_covered": 100.0, "percent_covered_display": "100", "missing_lines": 0, "excluded_lines": 0, "percent_statements_covered": 100.0, "percent_statements_covered_display": "100"}, "missing_lines": [], "excluded_lines": [], "start_line": 1}}, "classes": {"SourceAdapterCapabilities": {"executed_lines": [], "summary": {"covered_lines": 0, "num_statements": 0, "percent_covered": 100.0, "percent_covered_display": "100", "missing_lines": 0, "excluded_lines": 0, "percent_statements_covered": 100.0, "percent_statements_covered_display": "100"}, "missing_lines": [], "excluded_lines": [], "start_line": 38}, "TrackerAdapterCapabilities": {"executed_lines": [], "summary": {"covered_lines": 0, "num_statements": 0, "percent_covered": 100.0, "percent_covered_display": "100", "missing_lines": 0, "excluded_lines": 0, "percent_statements_covered": 100.0, "percent_statements_covered_display": "100"}, "missing_lines": [], "excluded_lines": [], "start_line": 47}, "": {"executed_lines": [3, 4, 7, 8, 10, 13, 16, 17, 19, 20, 22, 25, 28, 29, 31, 32, 34, 37, 38, 41, 42, 43, 46, 47, 50, 51, 52, 53, 54], "summary": {"covered_lines": 29, "num_statements": 31, "percent_covered": 93.54838709677419, "percent_covered_display": "94", "missing_lines": 2, "excluded_lines": 0, "percent_statements_covered": 93.54838709677419, "percent_statements_covered_display": "94"}, "missing_lines": [18, 30], "excluded_lines": [], "start_line": 1}}}, "app/api/__init__.py": {"executed_lines": [], "summary": {"covered_lines": 0, "num_statements": 0, "percent_covered": 100.0, "percent_covered_display": "100", "missing_lines": 0, "excluded_lines": 0, "percent_statements_covered": 100.0, "percent_statements_covered_display": "100"}, "missing_lines": [], "excluded_lines": [], "functions": {"": {"executed_lines": [], "summary": {"covered_lines": 0, "num_statements": 0, "percent_covered": 100.0, "percent_covered_display": "100", "missing_lines": 0, "excluded_lines": 0, "percent_statements_covered": 100.0, "percent_statements_covered_display": "100"}, "missing_lines": [], "excluded_lines": [], "start_line": 1}}, "classes": {"": {"executed_lines": [], "summary": {"covered_lines": 0, "num_statements": 0, "percent_covered": 100.0, "percent_covered_display": "100", "missing_lines": 0, "excluded_lines": 0, "percent_statements_covered": 100.0, "percent_statements_covered_display": "100"}, "missing_lines": [], "excluded_lines": [], "start_line": 1}}}, "app/api/aikido.py": {"executed_lines": [3, 4, 5, 7, 8, 9, 11, 20, 24, 25, 26, 27, 28, 29, 30, 34, 36, 37, 42, 54, 57, 65, 69, 74, 75, 140, 141, 240, 241, 326, 327, 360, 361, 404, 405, 428, 429, 499, 500, 537, 538, 553, 554, 663, 664], "summary": {"covered_lines": 45, "num_statements": 397, "percent_covered": 11.335012594458439, "percent_covered_display": "11", "missing_lines": 352, "excluded_lines": 0, "percent_statements_covered": 11.335012594458439, "percent_statements_covered_display": "11"}, "missing_lines": [43, 59, 60, 61, 62, 66, 71, 83, 84, 85, 86, 87, 88, 89, 90, 91, 92, 93, 94, 96, 97, 98, 99, 100, 101, 102, 103, 105, 106, 107, 108, 109, 110, 111, 112, 114, 116, 117, 118, 119, 120, 122, 131, 150, 151, 152, 153, 154, 155, 156, 158, 160, 161, 164, 165, 166, 167, 168, 169, 170, 172, 173, 174, 176, 177, 178, 179, 180, 181, 182, 188, 191, 206, 207, 208, 213, 218, 219, 221, 222, 223, 224, 226, 227, 228, 230, 250, 251, 252, 253, 254, 255, 256, 257, 259, 260, 261, 262, 263, 264, 266, 267, 268, 270, 271, 272, 273, 274, 275, 276, 277, 278, 279, 280, 281, 282, 283, 284, 285, 286, 287, 288, 289, 290, 291, 292, 309, 310, 315, 335, 336, 337, 338, 339, 340, 341, 342, 343, 345, 350, 351, 352, 369, 378, 388, 389, 390, 393, 396, 411, 412, 413, 414, 415, 416, 439, 440, 443, 444, 445, 449, 450, 455, 456, 457, 458, 459, 460, 461, 462, 463, 465, 466, 467, 468, 470, 471, 472, 475, 476, 477, 478, 479, 480, 481, 483, 484, 487, 488, 489, 490, 492, 493, 509, 510, 511, 512, 513, 517, 518, 522, 523, 524, 525, 526, 527, 544, 545, 546, 550, 563, 564, 565, 569, 570, 574, 575, 576, 577, 578, 580, 581, 582, 583, 584, 585, 586, 587, 588, 589, 590, 591, 592, 593, 594, 595, 596, 597, 599, 600, 601, 602, 603, 605, 606, 607, 608, 611, 612, 613, 614, 616, 617, 618, 619, 620, 624, 627, 628, 629, 630, 631, 632, 633, 634, 635, 636, 637, 638, 639, 640, 641, 642, 643, 644, 645, 646, 647, 653, 674, 675, 676, 680, 681, 685, 686, 687, 688, 689, 692, 695, 696, 697, 698, 699, 700, 701, 702, 703, 704, 705, 706, 707, 708, 709, 710, 711, 712, 714, 715, 716, 717, 718, 719, 720, 721, 728, 729, 730, 731, 732, 733, 734, 736, 737, 738, 740, 742, 743, 745, 752, 761, 762, 763, 764, 765, 766, 767, 768, 771, 779, 780, 785, 788, 791, 792, 800, 804, 805, 806, 809, 813], "excluded_lines": [], "functions": {"_default_slot": {"executed_lines": [], "summary": {"covered_lines": 0, "num_statements": 1, "percent_covered": 0.0, "percent_covered_display": "0", "missing_lines": 1, "excluded_lines": 0, "percent_statements_covered": 0.0, "percent_statements_covered_display": "0"}, "missing_lines": [43], "excluded_lines": [], "start_line": 42}, "_slot_for": {"executed_lines": [], "summary": {"covered_lines": 0, "num_statements": 4, "percent_covered": 0.0, "percent_covered_display": "0", "missing_lines": 4, "excluded_lines": 0, "percent_statements_covered": 0.0, "percent_statements_covered_display": "0"}, "missing_lines": [59, 60, 61, 62], "excluded_lines": [], "start_line": 57}, "_now": {"executed_lines": [], "summary": {"covered_lines": 0, "num_statements": 1, "percent_covered": 0.0, "percent_covered_display": "0", "missing_lines": 1, "excluded_lines": 0, "percent_statements_covered": 0.0, "percent_statements_covered_display": "0"}, "missing_lines": [66], "excluded_lines": [], "start_line": 65}, "_aikido_configured": {"executed_lines": [], "summary": {"covered_lines": 0, "num_statements": 1, "percent_covered": 0.0, "percent_covered_display": "0", "missing_lines": 1, "excluded_lines": 0, "percent_statements_covered": 0.0, "percent_statements_covered_display": "0"}, "missing_lines": [71], "excluded_lines": [], "start_line": 69}, "aikido_debug_sample": {"executed_lines": [], "summary": {"covered_lines": 0, "num_statements": 36, "percent_covered": 0.0, "percent_covered_display": "0", "missing_lines": 36, "excluded_lines": 0, "percent_statements_covered": 0.0, "percent_statements_covered_display": "0"}, "missing_lines": [83, 84, 85, 86, 87, 88, 89, 90, 91, 92, 93, 94, 96, 97, 98, 99, 100, 101, 102, 103, 105, 106, 107, 108, 109, 110, 111, 112, 114, 116, 117, 118, 119, 120, 122, 131], "excluded_lines": [], "start_line": 75}, "aikido_debug_branches": {"executed_lines": [], "summary": {"covered_lines": 0, "num_statements": 35, "percent_covered": 0.0, "percent_covered_display": "0", "missing_lines": 35, "excluded_lines": 0, "percent_statements_covered": 0.0, "percent_statements_covered_display": "0"}, "missing_lines": [150, 151, 152, 153, 154, 155, 156, 158, 160, 172, 173, 174, 176, 177, 178, 179, 180, 181, 182, 188, 191, 206, 207, 208, 213, 218, 219, 221, 222, 223, 224, 226, 227, 228, 230], "excluded_lines": [], "start_line": 141}, "aikido_debug_branches._matches_repo": {"executed_lines": [], "summary": {"covered_lines": 0, "num_statements": 8, "percent_covered": 0.0, "percent_covered_display": "0", "missing_lines": 8, "excluded_lines": 0, "percent_statements_covered": 0.0, "percent_statements_covered_display": "0"}, "missing_lines": [161, 164, 165, 166, 167, 168, 169, 170], "excluded_lines": [], "start_line": 160}, "aikido_debug_branch_mapping": {"executed_lines": [], "summary": {"covered_lines": 0, "num_statements": 43, "percent_covered": 0.0, "percent_covered_display": "0", "missing_lines": 43, "excluded_lines": 0, "percent_statements_covered": 0.0, "percent_statements_covered_display": "0"}, "missing_lines": [250, 251, 252, 253, 254, 255, 256, 257, 259, 260, 261, 262, 263, 264, 266, 267, 268, 270, 271, 272, 273, 274, 275, 276, 277, 278, 279, 280, 281, 282, 283, 284, 285, 286, 287, 288, 289, 290, 291, 292, 309, 310, 315], "excluded_lines": [], "start_line": 241}, "aikido_debug_repos": {"executed_lines": [], "summary": {"covered_lines": 0, "num_statements": 13, "percent_covered": 0.0, "percent_covered_display": "0", "missing_lines": 13, "excluded_lines": 0, "percent_statements_covered": 0.0, "percent_statements_covered_display": "0"}, "missing_lines": [335, 336, 337, 33
[...]
_statements": 1, "percent_covered": 0.0, "percent_covered_display": "0", "missing_lines": 1, "excluded_lines": 0, "percent_statements_covered": 0.0, "percent_statements_covered_display": "0"}, "missing_lines": [76], "excluded_lines": [], "start_line": 75}, "": {"executed_lines": [], "summary": {"covered_lines": 0, "num_statements": 8, "percent_covered": 0.0, "percent_covered_display": "0", "missing_lines": 8, "excluded_lines": 0, "percent_statements_covered": 0.0, "percent_statements_covered_display": "0"}, "missing_lines": [3, 5, 6, 7, 8, 10, 13, 25], "excluded_lines": [], "start_line": 1}}, "classes": {"": {"executed_lines": [], "summary": {"covered_lines": 0, "num_statements": 43, "percent_covered": 0.0, "percent_covered_display": "0", "missing_lines": 43, "excluded_lines": 0, "percent_statements_covered": 0.0, "percent_statements_covered_display": "0"}, "missing_lines": [3, 5, 6, 7, 8, 10, 13, 25, 36, 37, 38, 40, 41, 42, 44, 45, 46, 47, 48, 49, 51, 52, 57, 58, 59, 60, 61, 62, 63, 64, 65, 66, 70, 72, 73, 75, 76, 78, 79, 80, 81, 82, 83], "excluded_lines": [], "start_line": 1}}}, "app/services/user_service.py": {"executed_lines": [3, 4, 5, 6, 9, 11, 13, 17, 19, 21, 22, 27, 36, 53], "summary": {"covered_lines": 14, "num_statements": 33, "percent_covered": 42.42424242424242, "percent_covered_display": "42", "missing_lines": 19, "excluded_lines": 0, "percent_statements_covered": 42.42424242424242, "percent_statements_covered_display": "42"}, "missing_lines": [12, 14, 20, 23, 24, 29, 30, 31, 32, 33, 40, 41, 42, 44, 45, 50, 55, 57, 60], "excluded_lines": [], "functions": {"get_user_by_id": {"executed_lines": [11, 13], "summary": {"covered_lines": 2, "num_statements": 4, "percent_covered": 50.0, "percent_covered_display": "50", "missing_lines": 2, "excluded_lines": 0, "percent_statements_covered": 50.0, "percent_statements_covered_display": "50"}, "missing_lines": [12, 14], "excluded_lines": [], "start_line": 9}, "verify_password": {"executed_lines": [19, 21, 22], "summary": {"covered_lines": 3, "num_statements": 6, "percent_covered": 50.0, "percent_covered_display": "50", "missing_lines": 3, "excluded_lines": 0, "percent_statements_covered": 50.0, "percent_statements_covered_display": "50"}, "missing_lines": [20, 23, 24], "excluded_lines": [], "start_line": 17}, "get_user_by_email": {"executed_lines": [], "summary": {"covered_lines": 0, "num_statements": 5, "percent_covered": 0.0, "percent_covered_display": "0", "missing_lines": 5, "excluded_lines": 0, "percent_statements_covered": 0.0, "percent_statements_covered_display": "0"}, "missing_lines": [29, 30, 31, 32, 33], "excluded_lines": [], "start_line": 27}, "get_user_by_email_in_google_tenant": {"executed_lines": [], "summary": {"covered_lines": 0, "num_statements": 6, "percent_covered": 0.0, "percent_covered_display": "0", "missing_lines": 6, "excluded_lines": 0, "percent_statements_covered": 0.0, "percent_statements_covered_display": "0"}, "missing_lines": [40, 41, 42, 44, 45, 50], "excluded_lines": [], "start_line": 36}, "get_google_tenant": {"executed_lines": [], "summary": {"covered_lines": 0, "num_statements": 3, "percent_covered": 0.0, "percent_covered_display": "0", "missing_lines": 3, "excluded_lines": 0, "percent_statements_covered": 0.0, "percent_statements_covered_display": "0"}, "missing_lines": [55, 57, 60], "excluded_lines": [], "start_line": 53}, "": {"executed_lines": [3, 4, 5, 6, 9, 17, 27, 36, 53], "summary": {"covered_lines": 9, "num_statements": 9, "percent_covered": 100.0, "percent_covered_display": "100", "missing_lines": 0, "excluded_lines": 0, "percent_statements_covered": 100.0, "percent_statements_covered_display": "100"}, "missing_lines": [], "excluded_lines": [], "start_line": 1}}, "classes": {"": {"executed_lines": [3, 4, 5, 6, 9, 11, 13, 17, 19, 21, 22, 27, 36, 53], "summary": {"covered_lines": 14, "num_statements": 33, "percent_covered": 42.42424242424242, "percent_covered_display": "42", "missing_lines": 19, "excluded_lines": 0, "percent_statements_covered": 42.42424242424242, "percent_statements_covered_display": "42"}, "missing_lines": [12, 14, 20, 23, 24, 29, 30, 31, 32, 33, 40, 41, 42, 44, 45, 50, 55, 57, 60], "excluded_lines": [], "start_line": 1}}}, "app/services/waiver_expiry.py": {"executed_lines": [5, 7, 9, 10, 13, 17], "summary": {"covered_lines": 6, "num_statements": 27, "percent_covered": 22.22222222222222, "percent_covered_display": "22", "missing_lines": 21, "excluded_lines": 0, "percent_statements_covered": 22.22222222222222, "percent_statements_covered_display": "22"}, "missing_lines": [14, 22, 23, 24, 30, 31, 33, 34, 35, 36, 38, 41, 42, 43, 44, 45, 53, 54, 56, 57, 58], "excluded_lines": [], "functions": {"_now": {"executed_lines": [], "summary": {"covered_lines": 0, "num_statements": 1, "percent_covered": 0.0, "percent_covered_display": "0", "missing_lines": 1, "excluded_lines": 0, "percent_statements_covered": 0.0, "percent_statements_covered_display": "0"}, "missing_lines": [14], "excluded_lines": [], "start_line": 13}, "enforce_waiver_expiry": {"executed_lines": [], "summary": {"covered_lines": 0, "num_statements": 20, "percent_covered": 0.0, "percent_covered_display": "0", "missing_lines": 20, "excluded_lines": 0, "percent_statements_covered": 0.0, "percent_statements_covered_display": "0"}, "missing_lines": [22, 23, 24, 30, 31, 33, 34, 35, 36, 38, 41, 42, 43, 44, 45, 53, 54, 56, 57, 58], "excluded_lines": [], "start_line": 17}, "": {"executed_lines": [5, 7, 9, 10, 13, 17], "summary": {"covered_lines": 6, "num_statements": 6, "percent_covered": 100.0, "percent_covered_display": "100", "missing_lines": 0, "excluded_lines": 0, "percent_statements_covered": 100.0, "percent_statements_covered_display": "100"}, "missing_lines": [], "excluded_lines": [], "start_line": 1}}, "classes": {"": {"executed_lines": [5, 7, 9, 10, 13, 17], "summary": {"covered_lines": 6, "num_statements": 27, "percent_covered": 22.22222222222222, "percent_covered_display": "22", "missing_lines": 21, "excluded_lines": 0, "percent_statements_covered": 22.22222222222222, "percent_statements_covered_display": "22"}, "missing_lines": [14, 22, 23, 24, 30, 31, 33, 34, 35, 36, 38, 41, 42, 43, 44, 45, 53, 54, 56, 57, 58], "excluded_lines": [], "start_line": 1}}}, "app/services/watched_label_inject.py": {"executed_lines": [4, 6, 8, 9, 14, 16, 19, 36, 44, 114], "summary": {"covered_lines": 10, "num_statements": 89, "percent_covered": 11.235955056179776, "percent_covered_display": "11", "missing_lines": 79, "excluded_lines": 0, "percent_statements_covered": 11.235955056179776, "percent_statements_covered_display": "11"}, "missing_lines": [21, 22, 23, 24, 25, 26, 27, 28, 29, 30, 31, 32, 33, 38, 39, 40, 41, 53, 54, 55, 57, 58, 61, 62, 65, 66, 67, 68, 69, 70, 71, 73, 74, 75, 76, 78, 79, 81, 82, 85, 86, 88, 89, 90, 91, 93, 94, 95, 97, 98, 100, 101, 102, 103, 108, 109, 110, 111, 125, 126, 127, 128, 130, 131, 132, 134, 137, 141, 142, 143, 144, 145, 146, 147, 153, 158, 159, 160, 161], "excluded_lines": [], "functions": {"_label_ids_from_issue": {"executed_lines": [], "summary": {"covered_lines": 0, "num_statements": 13, "percent_covered": 0.0, "percent_covered_display": "0", "missing_lines": 13, "excluded_lines": 0, "percent_statements_covered": 0.0, "percent_statements_covered_display": "0"}, "missing_lines": [21, 22, 23, 24, 25, 26, 27, 28, 29, 30, 31, 32, 33], "excluded_lines": [], "start_line": 19}, "_label_ids_from_updated_from": {"executed_lines": [], "summary": {"covered_lines": 0, "num_statements": 4, "percent_covered": 0.0, "percent_covered_display": "0", "missing_lines": 4, "excluded_lines": 0, "percent_statements_covered": 0.0, "percent_statements_covered_display": "0"}, "missing_lines": [38, 39, 40, 41], "excluded_lines": [], "start_line": 36}, "handle_issue_label_update": {"executed_lines": [], "summary": {"covered_lines": 0, "num_statements": 41, "percent_covered": 0.0, "percent_covered_display": "0", "missing_lines": 41, "excluded_lines": 0, "percent_statements_covered": 0.0, "percent_statements_covered_display": "0"}, "missing_lines": [53, 54, 55, 57, 58, 61, 62, 65, 66, 67, 68, 69, 70, 71, 73, 74, 75, 76, 78, 79, 81, 82, 85, 86, 88, 89, 90, 91, 93, 94, 95, 97, 98, 100, 101, 102, 103, 108, 109, 110, 111], "excluded_lines": [], "start_line": 44}, "handle_template_reinject": {"executed_lines": [], "summary": {"covered_lines": 0, "num_statements": 21, "percent_covered": 0.0, "percent_covered_display": "0", "missing_lines": 21, "excluded_lines": 0, "percent_statements_covered": 0.0, "percent_statements_covered_display": "0"}, "missing_lines": [125, 126, 127, 128, 130, 131, 132, 134, 137, 141, 142, 143, 144, 145, 146, 147, 153, 158, 159, 160, 161], "excluded_lines": [], "start_line": 114}, "": {"executed_lines": [4, 6, 8, 9, 14, 16, 19, 36, 44, 114], "summary": {"covered_lines": 10, "num_statements": 10, "percent_covered": 100.0, "percent_covered_display": "100", "missing_lines": 0, "excluded_lines": 0, "percent_statements_covered": 100.0, "percent_statements_covered_display": "100"}, "missing_lines": [], "excluded_lines": [], "start_line": 1}}, "classes": {"": {"executed_lines": [4, 6, 8, 9, 14, 16, 19, 36, 44, 114], "summary": {"covered_lines": 10, "num_statements": 89, "percent_covered": 11.235955056179776, "percent_covered_display": "11", "missing_lines": 79, "excluded_lines": 0, "percent_statements_covered": 11.235955056179776, "percent_statements_covered_display": "11"}, "missing_lines": [21, 22, 23, 24, 25, 26, 27, 28, 29, 30, 31, 32, 33, 38, 39, 40, 41, 53, 54, 55, 57, 58, 61, 62, 65, 66, 67, 68, 69, 70, 71, 73, 74, 75, 76, 78, 79, 81, 82, 85, 86, 88, 89, 90, 91, 93, 94, 95, 97, 98, 100, 101, 102, 103, 108, 109, 110, 111, 125, 126, 127, 128, 130, 131, 132, 134, 137, 141, 142, 143, 144, 145, 146, 147, 153, 158, 159, 160, 161], "excluded_lines": [], "start_line": 1}}}, "app/services/webhook_idempotency.py": {"executed_lines": [3, 4, 5, 6, 8, 9, 11, 13, 16, 22, 30], "summary": {"covered_lines": 11, "num_statements": 19, "percent_covered": 57.89473684210526, "percent_covered_display": "58", "missing_lines": 8, "excluded_lines": 0, "percent_statements_covered": 57.89473684210526, "percent_statements_covered_display": "58"}, "missing_lines": [18, 19, 24, 27, 39, 40, 41, 44], "excluded_lines": [], "functions": {"compute_idempotency_key": {"executed_lines": [], "summary": {"covered_lines": 0, "num_statements": 2, "percent_covered": 0.0, "percent_covered_display": "0", "missing_lines": 2, "excluded_lines": 0, "percent_statements_covered": 0.0, "percent_statements_covered_display": "0"}, "missing_lines": [18, 19], "excluded_lines": [], "start_line": 16}, "is_duplicate_webhook": {"executed_lines": [], "summary": {"covered_lines": 0, "num_statements": 2, "percent_covered": 0.0, "percent_covered_display": "0", "missing_lines": 2, "excluded_lines": 0, "percent_statements_covered": 0.0, "percent_statements_covered_display": "0"}, "missing_lines": [24, 27], "excluded_lines": [], "start_line": 22}, "record_webhook_processed": {"executed_lines": [], "summary": {"covered_lines": 0, "num_statements": 4, "percent_covered": 0.0, "percent_covered_display": "0", "missing_lines": 4, "excluded_lines": 0, "percent_statements_covered": 0.0, "percent_statements_covered_display": "0"}, "missing_lines": [39, 40, 41, 44], "excluded_lines": [], "start_line": 30}, "": {"executed_lines": [3, 4, 5, 6, 8, 9, 11, 13, 16, 22, 30], "summary": {"covered_lines": 11, "num_statements": 11, "percent_covered": 100.0, "percent_covered_display": "100", "missing_lines": 0, "excluded_lines": 0, "percent_statements_covered": 100.0, "percent_statements_covered_display": "100"}, "missing_lines": [], "excluded_lines": [], "start_line": 1}}, "classes": {"": {"executed_lines": [3, 4, 5, 6, 8, 9, 11, 13, 16, 22, 30], "summary": {"covered_lines": 11, "num_statements": 19, "percent_covered": 57.89473684210526, "percent_covered_display": "58", "missing_lines": 8, "excluded_lines": 0, "percent_statements_covered": 57.89473684210526, "percent_statements_covered_display": "58"}, "missing_lines": [18, 19, 24, 27, 39, 40, 41, 44], "excluded_lines": [], "start_line": 1}}}, "app/tasks/__init__.py": {"executed_lines": [3, 5], "summary": {"covered_lines": 2, "num_statements": 2, "percent_covered": 100.0, "percent_covered_display": "100", "missing_lines": 0, "excluded_lines": 0, "percent_statements_covered": 100.0, "percent_statements_covered_display": "100"}, "missing_lines": [], "excluded_lines": [], "functions": {"": {"executed_lines": [3, 5], "summary": {"covered_lines": 2, "num_statements": 2, "percent_covered": 100.0, "percent_covered_display": "100", "missing_lines": 0, "excluded_lines": 0, "percent_statements_covered": 100.0, "percent_statements_covered_display": "100"}, "missing_lines": [], "excluded_lines": [], "start_line": 1}}, "classes": {"": {"executed_lines": [3, 5], "summary": {"covered_lines": 2, "num_statements": 2, "percent_covered": 100.0, "percent_covered_display": "100", "missing_lines": 0, "excluded_lines": 0, "percent_statements_covered": 100.0, "percent_statements_covered_display": "100"}, "missing_lines": [], "excluded_lines": [], "start_line": 1}}}, "app/tasks/audit_tasks.py": {"executed_lines": [], "summary": {"covered_lines": 0, "num_statements": 31, "percent_covered": 0.0, "percent_covered_display": "0", "missing_lines": 31, "excluded_lines": 0, "percent_statements_covered": 0.0, "percent_statements_covered_display": "0"}, "missing_lines": [3, 5, 6, 7, 9, 11, 12, 13, 15, 18, 19, 20, 21, 23, 24, 25, 27, 28, 31, 32, 33, 38, 39, 46, 49, 50, 52, 53, 54, 55, 56], "excluded_lines": [], "functions": {"_run_daily_checkpoint": {"executed_lines": [], "summary": {"covered_lines": 0, "num_statements": 14, "percent_covered": 0.0, "percent_covered_display": "0", "missing_lines": 14, "excluded_lines": 0, "percent_statements_covered": 0.0, "percent_statements_covered_display": "0"}, "missing_lines": [19, 20, 21, 23, 24, 25, 27, 28, 31, 32, 33, 38, 39, 46], "excluded_lines": [], "start_line": 18}, "run_daily_audit_checkpoint": {"executed_lines": [], "summary": {"covered_lines": 0, "num_statements": 5, "percent_covered": 0.0, "percent_covered_display": "0", "missing_lines": 5, "excluded_lines": 0, "percent_statements_covered": 0.0, "percent_statements_covered_display": "0"}, "missing_lines": [52, 53, 54, 55, 56], "excluded_lines": [], "start_line": 50}, "": {"executed_lines": [], "summary": {"covered_lines": 0, "num_statements": 12, "percent_covered": 0.0, "percent_covered_display": "0", "missing_lines": 12, "excluded_lines": 0, "percent_statements_covered": 0.0, "percent_statements_covered_display": "0"}, "missing_lines": [3, 5, 6, 7, 9, 11, 12, 13, 15, 18, 49, 50], "excluded_lines": [], "start_line": 1}}, "classes": {"": {"executed_lines": [], "summary": {"covered_lines": 0, "num_statements": 31, "percent_covered": 0.0, "percent_covered_display": "0", "missing_lines": 31, "excluded_lines": 0, "percent_statements_covered": 0.0, "percent_statements_covered_display": "0"}, "missing_lines": [3, 5, 6, 7, 9, 11, 12, 13, 15, 18, 19, 20, 21, 23, 24, 25, 27, 28, 31, 32, 33, 38, 39, 46, 49, 50, 52, 53, 54, 55, 56], "excluded_lines": [], "start_line": 1}}}, "app/tasks/sync_tasks.py": {"executed_lines": [3, 4, 6, 8, 9, 10, 11, 19, 22, 43, 57, 130, 131, 159, 160, 173, 174, 187], "summary": {"covered_lines": 18, "num_statements": 91, "percent_covered": 19.78021978021978, "percent_covered_display": "20", "missing_lines": 73, "excluded_lines": 0, "percent_statements_covered": 19.78021978021978, "percent_statements_covered_display": "20"}, "missing_lines": [24, 25, 26, 32, 33, 36, 37, 38, 40, 45, 46, 47, 50, 51, 52, 54, 70, 71, 73, 74, 75, 78, 79, 80, 81, 82, 83, 84, 85, 86, 87, 88, 89, 90, 91, 94, 95, 96, 97, 99, 102, 104, 105, 107, 108, 110, 111, 112, 114, 117, 118, 127, 143, 144, 145, 146, 154, 155, 156, 166, 167, 168, 169, 170, 180, 181, 182, 183, 184, 192, 193, 194, 195], "excluded_lines": [], "functions": {"_run_linear_poll": {"executed_lines": [], "summary": {"covered_lines": 0, "num_statements": 9, "percent_covered": 0.0, "percent_covered_display": "0", "missing_lines": 9, "excluded_lines": 0, "percent_statements_covered": 0.0, "percent_statements_covered_display": "0"}, "missing_lines": [24, 25, 26, 32, 33, 36, 37, 38, 40], "excluded_lines": [], "start_line": 22}, "_run_sync_batch": {"executed_lines": [], "summary": {"covered_lines": 0, "num_statements": 7, "percent_covered": 0.0, "percent_covered_display": "0", "missing_lines": 7, "excluded_lines": 0, "percent_statements_covered": 0.0, "percent_statements_covered_display": "0"}, "missing_lines": [45, 46, 47, 50, 51, 52, 54], "excluded_lines": [], "start_line": 43}, "_run_sync_worker": {"executed_lines": [], "summary": {"covered_lines": 0, "num_statements": 36, "percent_covered": 0.0, "percent_covered_display": "0", "missing_lines": 36, "excluded_lines": 0, "percent_statements_covered": 0.0, "percent_statements_covered_display": "0"}, "missing_lines": [70, 71, 73, 74, 75, 78, 79, 80, 81, 82, 83, 84, 85, 86, 87, 88, 89, 90, 91, 94, 95, 96, 97, 99, 102, 104, 105, 107, 108, 110, 111, 112, 114, 117, 118, 127], "excluded_lines": [], "start_line": 57}, "process_sync_queue": {"executed_lines": [], "summary": {"covered_lines": 0, "num_statements": 7, "percent_covered": 0.0, "percent_covered_display": "0", "missing_lines": 7, "excluded_lines": 0, "percent_statements_covered": 0.0, "percent_statements_covered_display": "0"}, "missing_lines": [143, 144, 145, 146, 154, 155, 156], "excluded_lines": [], "start_line": 131}, "poll_linear": {"executed_lines": [], "summary": {"covered_lines": 0, "num_statements": 5, "percent_covered": 0.0, "percent_covered_display": "0", "missing_lines": 5, "excluded_lines": 0, "percent_statements_covered": 0.0, "percent_statements_covered_display": "0"}, "missing_lines": [166, 167, 168, 169, 170], "excluded_lines": [], "start_line": 160}, "reconcile_linear": {"executed_lines": [], "summary": {"covered_lines": 0, "num_statements": 5, "percent_covered": 0.0, "percent_covered_display": "0", "missing_lines": 5, "excluded_lines": 0, "percent_statements_covered": 0.0, "percent_statements_covered_display": "0"}, "missing_lines": [180, 181, 182, 183, 184], "excluded_lines": [], "start_line": 174}, "trigger_sync_worker": {"executed_lines": [], "summary": {"covered_lines": 0, "num_statements": 4, "percent_covered": 0.0, "percent_covered_display": "0", "missing_lines": 4, "excluded_lines": 0, "percent_statements_covered": 0.0, "percent_statements_covered_display": "0"}, "missing_lines": [192, 193, 194, 195], "excluded_lines": [], "start_line": 187}, "": {"executed_lines": [3, 4, 6, 8, 9, 10, 11, 19, 22, 43, 57, 130, 131, 159, 160, 173, 174, 187], "summary": {"covered_lines": 18, "num_statements": 18, "percent_covered": 100.0, "percent_covered_display": "100", "missing_lines": 0, "excluded_lines": 0, "percent_statements_covered": 100.0, "percent_statements_covered_display": "100"}, "missing_lines": [], "excluded_lines": [], "start_line": 1}}, "classes": {"": {"executed_lines": [3, 4, 6, 8, 9, 10, 11, 19, 22, 43, 57, 130, 131, 159, 160, 173, 174, 187], "summary": {"covered_lines": 18, "num_statements": 91, "percent_covered": 19.78021978021978, "percent_covered_display": "20", "missing_lines": 73, "excluded_lines": 0, "percent_statements_covered": 19.78021978021978, "percent_statements_covered_display": "20"}, "missing_lines": [24, 25, 26, 32, 33, 36, 37, 38, 40, 45, 46, 47, 50, 51, 52, 54, 70, 71, 73, 74, 75, 78, 79, 80, 81, 82, 83, 84, 85, 86, 87, 88, 89, 90, 91, 94, 95, 96, 97, 99, 102, 104, 105, 107, 108, 110, 111, 112, 114, 117, 118, 127, 143, 144, 145, 146, 154, 155, 156, 166, 167, 168, 169, 170, 180, 181, 182, 183, 184, 192, 193, 194, 195], "excluded_lines": [], "start_line": 1}}}}, "totals": {"covered_lines": 3199, "num_statements": 11650, "percent_covered": 27.459227467811157, "percent_covered_display": "27", "missing_lines": 8451, "excluded_lines": 61, "percent_statements_covered": 27.459227467811157, "percent_statements_covered_display": "27"}}